{"meta": {"format": 3, "version": "7.13.5", "timestamp": "2026-03-25T18:02:17.039015", "branch_coverage": false, "show_contexts": false}, "files": {"backend/api/__init__.py": {"executed_lines": [], "summary": {"covered_lines": 0, "num_statements": 0, "percent_covered": 100.0, "percent_covered_display": "100", "missing_lines": 0, "excluded_lines": 0, "percent_statements_covered": 100.0, "percent_statements_covered_display": "100"}, "missing_lines": [], "excluded_lines": [], "functions": {"": {"executed_lines": [], "summary": {"covered_lines": 0, "num_statements": 0, "percent_covered": 100.0, "percent_covered_display": "100", "missing_lines": 0, "excluded_lines": 0, "percent_statements_covered": 100.0, "percent_statements_covered_display": "100"}, "missing_lines": [], "excluded_lines": [], "start_line": 1}}, "classes": {"": {"executed_lines": [], "summary": {"covered_lines": 0, "num_statements": 0, "percent_covered": 100.0, "percent_covered_display": "100", "missing_lines": 0, "excluded_lines": 0, "percent_statements_covered": 100.0, "percent_statements_covered_display": "100"}, "missing_lines": [], "excluded_lines": [], "start_line": 1}}}, "backend/auth/__init__.py": {"executed_lines": [], "summary": {"covered_lines": 0, "num_statements": 4, "percent_covered": 0.0, "percent_covered_display": "0", "missing_lines": 4, "excluded_lines": 0, "percent_statements_covered": 0.0, "percent_statements_covered_display": "0"}, "missing_lines": [48, 59, 78, 91], "excluded_lines": [], "functions": {"": {"executed_lines": [], "summary": {"covered_lines": 0, "num_statements": 4, "percent_covered": 0.0, "percent_covered_display": "0", "missing_lines": 4, "excluded_lines": 0, "percent_statements_covered": 0.0, "percent_statements_covered_display": "0"}, "missing_lines": [48, 59, 78, 91], "excluded_lines": [], "start_line": 1}}, "classes": {"": {"executed_lines": [], "summary": {"covered_lines": 0, "num_statements": 4, "percent_covered": 0.0, "percent_covered_display": "0", "missing_lines": 4, "excluded_lines": 0, "percent_statements_covered": 0.0, "percent_statements_covered_display": "0"}, "missing_lines": [48, 59, 78, 91], "excluded_lines": [], "start_line": 1}}}, "backend/auth/jwt.py": {"executed_lines": [], "summary": {"covered_lines": 0, "num_statements": 256, "percent_covered": 0.0, "percent_covered_display": "0", "missing_lines": 256, "excluded_lines": 0, "percent_statements_covered": 0.0, "percent_statements_covered_display": "0"}, "missing_lines": [13, 15, 16, 17, 18, 19, 20, 21, 22, 24, 25, 26, 27, 28, 34, 36, 39, 47, 48, 51, 52, 67, 68, 69, 70, 71, 72, 73, 74, 75, 77, 83, 95, 96, 105, 106, 107, 109, 121, 127, 128, 130, 136, 137, 140, 141, 150, 151, 152, 155, 156, 170, 171, 172, 173, 174, 175, 176, 177, 179, 181, 182, 183, 184, 185, 187, 188, 197, 201, 205, 206, 210, 212, 213, 226, 228, 239, 246, 252, 253, 254, 255, 257, 264, 265, 266, 268, 277, 278, 280, 281, 284, 285, 286, 287, 289, 291, 300, 301, 302, 303, 304, 306, 308, 309, 310, 312, 315, 316, 318, 319, 320, 322, 324, 325, 327, 333, 336, 350, 361, 362, 367, 368, 370, 371, 372, 373, 375, 381, 382, 387, 388, 389, 391, 397, 398, 402, 403, 404, 406, 426, 429, 430, 432, 434, 435, 436, 438, 450, 459, 462, 463, 465, 471, 481, 482, 483, 492, 493, 494, 497, 498, 499, 500, 502, 503, 504, 505, 506, 507, 508, 509, 510, 511, 513, 531, 534, 538, 539, 541, 546, 552, 570, 573, 575, 593, 596, 598, 610, 611, 612, 614, 617, 618, 619, 622, 623, 624, 625, 627, 629, 641, 642, 643, 645, 648, 649, 650, 653, 654, 655, 656, 658, 660, 671, 672, 673, 676, 679, 686, 693, 694, 696, 705, 706, 707, 709, 710, 712, 713, 715, 716, 718, 727, 728, 729, 731, 732, 734, 735, 737, 738, 740, 751, 752, 753, 754, 756, 764, 768, 771, 781, 782, 783, 786, 792], "excluded_lines": [], "functions": {"TokenPayload.to_dict": {"executed_lines": [], "summary": {"covered_lines": 0, "num_statements": 1, "percent_covered": 0.0, "percent_covered_display": "0", "missing_lines": 1, "excluded_lines": 0, "percent_statements_covered": 0.0, "percent_statements_covered_display": "0"}, "missing_lines": [83], "excluded_lines": [], "start_line": 77}, "TokenPayload.from_dict": {"executed_lines": [], "summary": {"covered_lines": 0, "num_statements": 4, "percent_covered": 0.0, "percent_covered_display": "0", "missing_lines": 4, "excluded_lines": 0, "percent_statements_covered": 0.0, "percent_statements_covered_display": "0"}, "missing_lines": [105, 106, 107, 109], "excluded_lines": [], "start_line": 96}, "TokenPayload.is_expired": {"executed_lines": [], "summary": {"covered_lines": 0, "num_statements": 2, "percent_covered": 0.0, "percent_covered_display": "0", "missing_lines": 2, "excluded_lines": 0, "percent_statements_covered": 0.0, "percent_statements_covered_display": "0"}, "missing_lines": [127, 128], "excluded_lines": [], "start_line": 121}, "TokenPayload.expires_in": {"executed_lines": [], "summary": {"covered_lines": 0, "num_statements": 2, "percent_covered": 0.0, "percent_covered_display": "0", "missing_lines": 2, "excluded_lines": 0, "percent_statements_covered": 0.0, "percent_statements_covered_display": "0"}, "missing_lines": [136, 137], "excluded_lines": [], "start_line": 130}, "AuthConfig.__post_init__": {"executed_lines": [], "summary": {"covered_lines": 0, "num_statements": 5, "percent_covered": 0.0, "percent_covered_display": "0", "missing_lines": 5, "excluded_lines": 0, "percent_statements_covered": 0.0, "percent_statements_covered_display": "0"}, "missing_lines": [181, 182, 183, 184, 185], "excluded_lines": [], "start_line": 179}, "AuthConfig._generate_rsa_key_pair": {"executed_lines": [], "summary": {"covered_lines": 0, "num_statements": 5, "percent_covered": 0.0, "percent_covered_display": "0", "missing_lines": 5, "excluded_lines": 0, "percent_statements_covered": 0.0, "percent_statements_covered_display": "0"}, "missing_lines": [197, 201, 205, 206, 210], "excluded_lines": [], "start_line": 188}, "AuthConfig.from_env": {"executed_lines": [], "summary": {"covered_lines": 0, "num_statements": 2, "percent_covered": 0.0, "percent_covered_display": "0", "missing_lines": 2, "excluded_lines": 0, "percent_statements_covered": 0.0, "percent_statements_covered_display": "0"}, "missing_lines": [226, 228], "excluded_lines": [], "start_line": 213}, "TokenBlacklist.__init__": {"executed_lines": [], "summary": {"covered_lines": 0, "num_statements": 4, "percent_covered": 0.0, "percent_covered_display": "0", "missing_lines": 4, "excluded_lines": 0, "percent_statements_covered": 0.0, "percent_statements_covered_display": "0"}, "missing_lines": [252, 253, 254, 255], "excluded_lines": [], "start_line": 246}, "TokenBlacklist.add": {"executed_lines": [], "summary": {"covered_lines": 0, "num_statements": 3, "percent_covered": 0.0, "percent_covered_display": "0", "missing_lines": 3, "excluded_lines": 0, "percent_statements_covered": 0.0, "percent_statements_covered_display": "0"}, "missing_lines": [264, 265, 266], "excluded_lines": [], "start_line": 257}, "TokenBlacklist.is_blacklisted": {"executed_lines": [], "summary": {"covered_lines": 0, "num_statements": 9, "percent_covered": 0.0, "percent_covered_display": "0", "missing_lines": 9, "excluded_lines": 0, "percent_statements_covered": 0.0, "percent_statements_covered_display": "0"}, "missing_lines": [277, 278, 280, 281, 284, 285, 286, 287, 289], "excluded_lines": [], "start_line": 268}, "TokenBlacklist.remove": {"executed_lines": [], "summary": {"covered_lines": 0, "num_statements": 5, "percent_covered": 0.0, "percent_covered_display": "0", "missing_lines": 5, "excluded_lines": 0, "percent_statements_covered": 0.0, "percent_statements_covered_display": "0"}, "missing_lines": [300, 301, 302, 303, 304], "excluded_lines": [], "start_line": 291}, "TokenBlacklist._cleanup_if_needed": {"executed_lines": [], "summary": {"covered_lines": 0, "num_statements": 9, "percent_covered": 0.0, "percent_covered_display": "0", "missing_lines": 9, "excluded_lines": 0, "percent_statements_covered": 0.0, "percent_statements_covered_display": "0"}, "missing_lines": [308, 309, 310, 312, 315, 316, 318, 319, 320], "excluded_lines": [], "start_line": 306}, "TokenBlacklist.clear": {"executed_lines": [], "summary": {"covered_lines": 0, "num_statements": 2, "percent_covered": 0.0, "percent_covered_display": "0", "missing_lines": 2, "excluded_lines": 0, "percent_statements_covered": 0.0, "percent_statements_covered_display": "0"}, "missing_lines": [324, 325], "excluded_lines": [], "start_line": 322}, "TokenBlacklist.get_size": {"executed_lines": [], "summary": {"covered_lines": 0, "num_statements": 1, "percent_covered": 0.0, "percent_covered_display": "0", "missing_lines": 1, "excluded_lines": 0, "percent_statements_covered": 0.0, "percent_statements_covered_display": "0"}, "missing_lines": [333], "excluded_lines": [], "start_line": 327}, "JWTAuth.__init__": {"executed_lines": [], "summary": {"covered_lines": 0, "num_statements": 8, "percent_covered": 0.0, "percent_covered_display": "0", "missing_lines": 8, "excluded_lines": 0, "percent_statements_covered": 0.0, "percent_statements_covered_display": "0"}, "missing_lines": [361, 362, 367, 368, 370, 371, 372, 373], "excluded_lines": [], "start_line": 350}, "JWTAuth._load_private_key": {"executed_lines": [], "summary": {"covered_lines": 0, "num_statements": 5, "percent_covered": 0.0, "percent_covered_display": "0", "missing_lines": 5, "excluded_lines": 0, "percent_statements_covered": 0.0, "percent_statements_covered_display": "0"}, "missing_lines": [381, 382, 387, 388, 389], "excluded_lines": [], "start_line": 375}, "JWTAuth._load_public_key": {"executed_lines": [], "summary": {"covered_lines": 0, "num_statements": 5, "percent_covered": 0.0, "percent_covered_display": "0", "missing_lines": 5, "excluded_lines": 0, "percent_statements_covered": 0.0, "percent_statements_covered_display": "0"}, "missing_lines": [397, 398, 402, 403, 404], "excluded_lines": [], "start_line": 391}, "JWTAuth._create_payload": {"executed_lines": [], "summary": {"covered_lines": 0, "num_statements": 8, "percent_covered": 0.0, "percent_covered_display": "0", "missing_lines": 8, "excluded_lines": 0, "percent_statements_covered": 0.0, "percent_statements_covered_display": "0"}, "missing_lines": [426, 429, 430, 432, 434, 435, 436, 438], "excluded_lines": [], "start_line": 406}, "JWTAuth._encode": {"executed_lines": [], "summary": {"covered_lines": 0, "num_statements": 4, "percent_covered": 0.0, "percent_covered_display": "0", "missing_lines": 4, "excluded_lines": 0, "percent_statements_covered": 0.0, "percent_statements_covered_display": "0"}, "missing_lines": [459, 462, 463, 465], "excluded_lines": [], "start_line": 450}, "JWTAuth._decode": {"executed_lines": [], "summary": {"covered_lines": 0, "num_statements": 20, "percent_covered": 0.0, "percent_covered_display": "0", "missing_lines": 20, "excluded_lines": 0, "percent_statements_covered": 0.0, "percent_statements_covered_display": "0"}, "missing_lines": [481, 482, 483, 492, 493, 494, 497, 498, 499, 500, 502, 503, 504, 505, 506, 507, 508, 509, 510, 511], "excluded_lines": [], "start_line": 471}, "JWTAuth.create_token_pair": {"executed_lines": [], "summary": {"covered_lines": 0, "num_statements": 6, "percent_covered": 0.0, "percent_covered_display": "0", "missing_lines": 6, "excluded_lines": 0, "percent_statements_covered": 0.0, "percent_statements_covered_display": "0"}, "missing_lines": [531, 534, 538, 539, 541, 546], "excluded_lines": [], "start_line": 513}, "JWTAuth.create_access_token": {"executed_lines": [], "summary": {"covered_lines": 0, "num_statements": 2, "percent_covered": 0.0, "percent_covered_display": "0", "missing_lines": 2, "excluded_lines": 0, "percent_statements_covered": 0.0, "percent_statements_covered_display": "0"}, "missing_lines": [570, 573], "excluded_lines": [], "start_line": 552}, "JWTAuth.create_refresh_token": {"executed_lines": [], "summary": {"covered_lines": 0, "num_statements": 2, "percent_covered": 0.0, "percent_covered_display": "0", "missing_lines": 2, "excluded_lines": 0, "percent_statements_covered": 0.0, "percent_statements_covered_display": "0"}, "missing_lines": [593, 596], "excluded_lines": [], "start_line": 575}, "JWTAuth.verify_access_token": {"executed_lines": [], "summary": {"covered_lines": 0, "num_statements": 12, "percent_covered": 0.0, "percent_covered_display": "0", "missing_lines": 12, "excluded_lines": 0, "percent_statements_covered": 0.0, "percent_statements_covered_display": "0"}, "missing_lines": [610, 611, 612, 614, 617, 618, 619, 622, 623, 624, 625, 627], "excluded_lines": [], "start_line": 598}, "JWTAuth.verify_refresh_token": {"executed_lines": [], "summary": {"covered_lines": 0, "num_statements": 12, "percent_covered": 0.0, "percent_covered_display": "0", "missing_lines": 12, "excluded_lines": 0, "percent_statements_covered": 0.0, "percent_statements_covered_display": "0"}, "missing_lines": [641, 642, 643, 645, 648, 649, 650, 653, 654, 655, 656, 658], "excluded_lines": [], "start_line": 629}, "JWTAuth.refresh_access_token": {"executed_lines": [], "summary": {"covered_lines": 0, "num_statements": 5, "percent_covered": 0.0, "percent_covered_display": "0", "missing_lines": 5, "excluded_lines": 0, "percent_statements_covered": 0.0, "percent_statements_covered_display": "0"}, "missing_lines": [671, 672, 673, 676, 679], "excluded_lines": [], "start_line": 660}, "JWTAuth.revoke_token": {"executed_lines": [], "summary": {"covered_lines": 0, "num_statements": 2, "percent_covered": 0.0, "percent_covered_display": "0", "missing_lines": 2, "excluded_lines": 0, "percent_statements_covered": 0.0, "percent_statements_covered_display": "0"}, "missing_lines": [693, 694], "excluded_lines": [], "start_line": 686}, "JWTAuth.revoke_access_token": {"executed_lines": [], "summary": {"covered_lines": 0, "num_statements": 9, "percent_covered": 0.0, "percent_covered_display": "0", "missing_lines": 9, "excluded_lines": 0, "percent_statements_covered": 0.0, "percent_statements_covered_display": "0"}, "missing_lines": [705, 706, 707, 709, 710, 712, 713, 715, 716], "excluded_lines": [], "start_line": 696}, "JWTAuth.revoke_refresh_token": {"executed_lines": [], "summary": {"covered_lines": 0, "num_statements": 9, "percent_covered": 0.0, "percent_covered_display": "0", "missing_lines": 9, "excluded_lines": 0, "percent_statements_covered": 0.0, "percent_statements_covered_display": "0"}, "missing_lines": [727, 728, 729, 731, 732, 734, 735, 737, 738], "excluded_lines": [], "start_line": 718}, "JWTAuth.decode_token": {"executed_lines": [], "summary": {"covered_lines": 0, "num_statements": 4, "percent_covered": 0.0, "percent_covered_display": "0", "missing_lines": 4, "excluded_lines": 0, "percent_statements_covered": 0.0, "percent_statements_covered_display": "0"}, "missing_lines": [751, 752, 753, 754], "excluded_lines": [], "start_line": 740}, "JWTAuth.get_public_key_pem": {"executed_lines": [], "summary": {"covered_lines": 0, "num_statements": 1, "percent_covered": 0.0, "percent_covered_display": "0", "missing_lines": 1, "excluded_lines": 0, "percent_statements_covered": 0.0, "percent_statements_covered_display": "0"}, "missing_lines": [764], "excluded_lines": [], "start_line": 756}, "get_auth": {"executed_lines": [], "summary": {"covered_lines": 0, "num_statements": 3, "percent_covered": 0.0, "percent_covered_display": "0", "missing_lines": 3, "excluded_lines": 0, "percent_statements_covered": 0.0, "percent_statements_covered_display": "0"}, "missing_lines": [781, 782, 783], "excluded_lines": [], "start_line": 771}, "reset_auth": {"executed_lines": [], "summary": {"covered_lines": 0, "num_statements": 1, "percent_covered": 0.0, "percent_covered_display": "0", "missing_lines": 1, "excluded_lines": 0, "percent_statements_covered": 0.0, "percent_statements_covered_display": "0"}, "missing_lines": [792], "excluded_lines": [], "start_line": 786}, "": {"executed_lines": [], "summary": {"covered_lines": 0, "num_statements": 84, "percent_covered": 0.0, "percent_covered_display": "0", "missing_lines": 84, "excluded_lines": 0, "percent_statements_covered": 0.0, "percent_statements_covered_display": "0"}, "missing_lines": [13, 15, 16, 17, 18, 19, 20, 21, 22, 24, 25, 26, 27, 28, 34, 36, 39, 47, 48, 51, 52, 67, 68, 69, 70, 71, 72, 73, 74, 75, 77, 95, 96, 121, 130, 140, 141, 150, 151, 152, 155, 156, 170, 171, 172, 173, 174, 175, 176, 177, 179, 187, 188, 212, 213, 239, 246, 257, 268, 291, 306, 322, 327, 336, 350, 375, 391, 406, 450, 471, 513, 552, 575, 598, 629, 660, 686, 696, 718, 740, 756, 768, 771, 786], "excluded_lines": [], "start_line": 1}}, "classes": {"TokenType": {"executed_lines": [], "summary": {"covered_lines": 0, "num_statements": 0, "percent_covered": 100.0, "percent_covered_display": "100", "missing_lines": 0, "excluded_lines": 0, "percent_statements_covered": 100.0, "percent_statements_covered_display": "100"}, "missing_lines": [], "excluded_lines": [], "start_line": 39}, "TokenPayload": {"executed_lines": [], "summary": {"covered_lines": 0, "num_statements": 9, "percent_covered": 0.0, "percent_covered_display": "0", "missing_lines": 9, "excluded_lines": 0, "percent_statements_covered": 0.0, "percent_statements_covered_display": "0"}, "missing_lines": [83, 105, 106, 107, 109, 127, 128, 136, 137], "excluded_lines": [], "start_line": 52}, "TokenPair": {"executed_lines": [], "summary": {"covered_lines": 0, "num_statements": 0, "percent_covered": 100.0, "percent_covered_display": "100", "missing_lines": 0, "excluded_lines": 0, "percent_statements_covered": 100.0, "percent_statements_covered_display": "100"}, "missing_lines": [], "excluded_lines": [], "start_line": 141}, "AuthConfig": {"executed_lines": [], "summary": {"covered_lines": 0, "num_statements": 12, "percent_covered": 0.0, "percent_covered_display": "0", "missing_lines": 12, "excluded_lines": 0, "percent_statements_covered": 0.0, "percent_statements_covered_display": "0"}, "missing_lines": [181, 182, 183, 184, 185, 197, 201, 205, 206, 210, 226, 228], "excluded_lines": [], "start_line": 156}, "TokenBlacklist": {"executed_lines": [], "summary": {"covered_lines": 0, "num_statements": 33, "percent_covered": 0.0, "percent_covered_display": "0", "missing_lines": 33, "excluded_lines": 0, "percent_statements_covered": 0.0, "percent_statements_covered_display": "0"}, "missing_lines": [252, 253, 254, 255, 264, 265, 266, 277, 278, 280, 281, 284, 285, 286, 287, 289, 300, 301, 302, 303, 304, 308, 309, 310, 312, 315, 316, 318, 319, 320, 324, 325, 333], "excluded_lines": [], "start_line": 239}, "JWTAuth": {"executed_lines": [], "summary": {"covered_lines": 0, "num_statements": 114, "percent_covered": 0.0, "percent_covered_display": "0", "missing_lines": 114, "excluded_lines": 0, "percent_statements_covered": 0.0, "percent_statements_covered_display": "0"}, "missing_lines": [361, 362, 367, 368, 370, 371, 372, 373, 381, 382, 387, 388, 389, 397, 398, 402, 403, 404, 426, 429, 430, 432, 434, 435, 436, 438, 459, 462, 463, 465, 481, 482, 483, 492, 493, 494, 497, 498, 499, 500, 502, 503, 504, 505, 506, 507, 508, 509, 510, 511, 531, 534, 538, 539, 541, 546, 570, 573, 593, 596, 610, 611, 612, 614, 617, 618, 619, 622, 623, 624, 625, 627, 641, 642, 643, 645, 648, 649, 650, 653, 654, 655, 656, 658, 671, 672, 673, 676, 679, 693, 694, 705, 706, 707, 709, 710, 712, 713, 715, 716, 727, 728, 729, 731, 732, 734, 735, 737, 738, 751, 752, 753, 754, 764], "excluded_lines": [], "start_line": 336}, "": {"executed_lines": [], "summary": {"covered_lines": 0, "num_statements": 88, "percent_covered": 0.0, "percent_covered_display": "0", "missing_lines": 88, "excluded_lines": 0, "percent_statements_covered": 0.0, "percent_statements_covered_display": "0"}, "missing_lines": [13, 15, 16, 17, 18, 19, 20, 21, 22, 24, 25, 26, 27, 28, 34, 36, 39, 47, 48, 51, 52, 67, 68, 69, 70, 71, 72, 73, 74, 75, 77, 95, 96, 121, 130, 140, 141, 150, 151, 152, 155, 156, 170, 171, 172, 173, 174, 175, 176, 177, 179, 187, 188, 212, 213, 239, 246, 257, 268, 291, 306, 322, 327, 336, 350, 375, 391, 406, 450, 471, 513, 552, 575, 598, 629, 660, 686, 696, 718, 740, 756, 768, 771, 781, 782, 783, 786, 792], "excluded_lines": [], "start_line": 1}}}, "backend/auth/middleware.py": {"executed_lines": [], "summary": {"covered_lines": 0, "num_statements": 169, "percent_covered": 0.0, "percent_covered_display": "0", "missing_lines": 169, "excluded_lines": 2, "percent_statements_covered": 0.0, "percent_statements_covered_display": "0"}, "missing_lines": [14, 16, 17, 18, 20, 21, 22, 24, 25, 27, 30, 31, 46, 47, 48, 49, 50, 51, 52, 62, 66, 69, 80, 81, 84, 85, 86, 88, 91, 101, 102, 103, 105, 106, 107, 109, 112, 122, 125, 142, 143, 144, 147, 148, 149, 150, 153, 154, 155, 158, 159, 163, 165, 168, 179, 194, 195, 196, 197, 199, 201, 215, 218, 219, 222, 224, 225, 227, 228, 231, 232, 233, 234, 236, 239, 241, 242, 243, 244, 246, 253, 256, 259, 260, 262, 264, 277, 278, 279, 282, 284, 290, 291, 292, 294, 310, 311, 312, 314, 315, 316, 319, 320, 321, 329, 330, 335, 336, 345, 347, 350, 357, 370, 371, 372, 374, 389, 390, 393, 395, 397, 398, 399, 400, 401, 403, 404, 411, 413, 414, 421, 423, 430, 437, 446, 455, 458, 464, 475, 476, 478, 493, 494, 497, 498, 500, 501, 502, 503, 504, 507, 513, 514, 516, 521, 530, 533, 545, 546, 547, 551, 554, 563, 566, 575, 580, 588, 591, 599], "excluded_lines": [581, 592], "functions": {"is_public_path": {"executed_lines": [], "summary": {"covered_lines": 0, "num_statements": 6, "percent_covered": 0.0, "percent_covered_display": "0", "missing_lines": 6, "excluded_lines": 0, "percent_statements_covered": 0.0, "percent_statements_covered_display": "0"}, "missing_lines": [80, 81, 84, 85, 86, 88], "excluded_lines": [], "start_line": 69}, "extract_token_from_header": {"executed_lines": [], "summary": {"covered_lines": 0, "num_statements": 7, "percent_covered": 0.0, "percent_covered_display": "0", "missing_lines": 7, "excluded_lines": 0, "percent_statements_covered": 0.0, "percent_statements_covered_display": "0"}, "missing_lines": [101, 102, 103, 105, 106, 107, 109], "excluded_lines": [], "start_line": 91}, "extract_token_from_cookie": {"executed_lines": [], "summary": {"covered_lines": 0, "num_statements": 1, "percent_covered": 0.0, "percent_covered_display": "0", "missing_lines": 1, "excluded_lines": 0, "percent_statements_covered": 0.0, "percent_statements_covered_display": "0"}, "missing_lines": [122], "excluded_lines": [], "start_line": 112}, "load_user_from_token": {"executed_lines": [], "summary": {"covered_lines": 0, "num_statements": 14, "percent_covered": 0.0, "percent_covered_display": "0", "missing_lines": 14, "excluded_lines": 0, "percent_statements_covered": 0.0, "percent_statements_covered_display": "0"}, "missing_lines": [142, 143, 144, 147, 148, 149, 150, 153, 154, 155, 158, 159, 163, 165], "excluded_lines": [], "start_line": 125}, "AuthMiddleware.__init__": {"executed_lines": [], "summary": {"covered_lines": 0, "num_statements": 5, "percent_covered": 0.0, "percent_covered_display": "0", "missing_lines": 5, "excluded_lines": 0, "percent_statements_covered": 0.0, "percent_statements_covered_display": "0"}, "missing_lines": [194, 195, 196, 197, 199], "excluded_lines": [], "start_line": 179}, "AuthMiddleware.dispatch": {"executed_lines": [], "summary": {"covered_lines": 0, "num_statements": 24, "percent_covered": 0.0, "percent_covered_display": "0", "missing_lines": 24, "excluded_lines": 0, "percent_statements_covered": 0.0, "percent_statements_covered_display": "0"}, "missing_lines": [215, 218, 219, 222, 224, 225, 227, 228, 231, 232, 233, 234, 236, 239, 241, 242, 243, 244, 246, 253, 256, 259, 260, 262], "excluded_lines": [], "start_line": 201}, "AuthMiddleware._set_user_context": {"executed_lines": [], "summary": {"covered_lines": 0, "num_statements": 4, "percent_covered": 0.0, "percent_covered_display": "0", "missing_lines": 4, "excluded_lines": 0, "percent_statements_covered": 0.0, "percent_statements_covered_display": "0"}, "missing_lines": [277, 278, 279, 282], "excluded_lines": [], "start_line": 264}, "AuthMiddleware._set_anonymous_user": {"executed_lines": [], "summary": {"covered_lines": 0, "num_statements": 3, "percent_covered": 0.0, "percent_covered_display": "0", "missing_lines": 3, "excluded_lines": 0, "percent_statements_covered": 0.0, "percent_statements_covered_display": "0"}, "missing_lines": [290, 291, 292], "excluded_lines": [], "start_line": 284}, "AuthMiddleware._handle_token_refresh": {"executed_lines": [], "summary": {"covered_lines": 0, "num_statements": 15, "percent_covered": 0.0, "percent_covered_display": "0", "missing_lines": 15, "excluded_lines": 0, "percent_statements_covered": 0.0, "percent_statements_covered_display": "0"}, "missing_lines": [310, 311, 312, 314, 315, 316, 319, 320, 321, 329, 330, 335, 336, 345, 347], "excluded_lines": [], "start_line": 294}, "RefreshTokenMiddleware.__init__": {"executed_lines": [], "summary": {"covered_lines": 0, "num_statements": 3, "percent_covered": 0.0, "percent_covered_display": "0", "missing_lines": 3, "excluded_lines": 0, "percent_statements_covered": 0.0, "percent_statements_covered_display": "0"}, "missing_lines": [370, 371, 372], "excluded_lines": [], "start_line": 357}, "RefreshTokenMiddleware.dispatch": {"executed_lines": [], "summary": {"covered_lines": 0, "num_statements": 20, "percent_covered": 0.0, "percent_covered_display": "0", "missing_lines": 20, "excluded_lines": 0, "percent_statements_covered": 0.0, "percent_statements_covered_display": "0"}, "missing_lines": [389, 390, 393, 395, 397, 398, 399, 400, 401, 403, 404, 411, 413, 414, 421, 423, 430, 437, 446, 455], "excluded_lines": [], "start_line": 374}, "LogoutMiddleware.__init__": {"executed_lines": [], "summary": {"covered_lines": 0, "num_statements": 2, "percent_covered": 0.0, "percent_covered_display": "0", "missing_lines": 2, "excluded_lines": 0, "percent_statements_covered": 0.0, "percent_statements_covered_display": "0"}, "missing_lines": [475, 476], "excluded_lines": [], "start_line": 464}, "LogoutMiddleware.dispatch": {"executed_lines": [], "summary": {"covered_lines": 0, "num_statements": 13, "percent_covered": 0.0, "percent_covered_display": "0", "missing_lines": 13, "excluded_lines": 0, "percent_statements_covered": 0.0, "percent_statements_covered_display": "0"}, "missing_lines": [493, 494, 497, 498, 500, 501, 502, 503, 504, 507, 513, 514, 516], "excluded_lines": [], "start_line": 478}, "get_current_user": {"executed_lines": [], "summary": {"covered_lines": 0, "num_statements": 1, "percent_covered": 0.0, "percent_covered_display": "0", "missing_lines": 1, "excluded_lines": 0, "percent_statements_covered": 0.0, "percent_statements_covered_display": "0"}, "missing_lines": [530], "excluded_lines": [], "start_line": 521}, "get_current_user_required": {"executed_lines": [], "summary": {"covered_lines": 0, "num_statements": 4, "percent_covered": 0.0, "percent_covered_display": "0", "missing_lines": 4, "excluded_lines": 0, "percent_statements_covered": 0.0, "percent_statements_covered_display": "0"}, "missing_lines": [545, 546, 547, 551], "excluded_lines": [], "start_line": 533}, "is_authenticated": {"executed_lines": [], "summary": {"covered_lines": 0, "num_statements": 1, "percent_covered": 0.0, "percent_covered_display": "0", "missing_lines": 1, "excluded_lines": 0, "percent_statements_covered": 0.0, "percent_statements_covered_display": "0"}, "missing_lines": [563], "excluded_lines": [], "start_line": 554}, "get_current_token": {"executed_lines": [], "summary": {"covered_lines": 0, "num_statements": 1, "percent_covered": 0.0, "percent_covered_display": "0", "missing_lines": 1, "excluded_lines": 0, "percent_statements_covered": 0.0, "percent_statements_covered_display": "0"}, "missing_lines": [575], "excluded_lines": [], "start_line": 566}, "get_current_user_dependency": {"executed_lines": [], "summary": {"covered_lines": 0, "num_statements": 1, "percent_covered": 0.0, "percent_covered_display": "0", "missing_lines": 1, "excluded_lines": 1, "percent_statements_covered": 0.0, "percent_statements_covered_display": "0"}, "missing_lines": [588], "excluded_lines": [581], "start_line": 580}, "get_authenticated_user": {"executed_lines": [], "summary": {"covered_lines": 0, "num_statements": 1, "percent_covered": 0.0, "percent_covered_display": "0", "missing_lines": 1, "excluded_lines": 1, "percent_statements_covered": 0.0, "percent_statements_covered_display": "0"}, "missing_lines": [599], "excluded_lines": [592], "start_line": 591}, "": {"executed_lines": [], "summary": {"covered_lines": 0, "num_statements": 43, "percent_covered": 0.0, "percent_covered_display": "0", "missing_lines": 43, "excluded_lines": 0, "percent_statements_covered": 0.0, "percent_statements_covered_display": "0"}, "missing_lines": [14, 16, 17, 18, 20, 21, 22, 24, 25, 27, 30, 31, 46, 47, 48, 49, 50, 51, 52, 62, 66, 69, 91, 112, 125, 168, 179, 201, 264, 284, 294, 350, 357, 374, 458, 464, 478, 521, 533, 554, 566, 580, 591], "excluded_lines": [], "start_line": 1}}, "classes": {"AuthConfig": {"executed_lines": [], "summary": {"covered_lines": 0, "num_statements": 0, "percent_covered": 100.0, "percent_covered_display": "100", "missing_lines": 0, "excluded_lines": 0, "percent_statements_covered": 100.0, "percent_statements_covered_display": "100"}, "missing_lines": [], "excluded_lines": [], "start_line": 31}, "AuthMiddleware": {"executed_lines": [], "summary": {"covered_lines": 0, "num_statements": 51, "percent_covered": 0.0, "percent_covered_display": "0", "missing_lines": 51, "excluded_lines": 0, "percent_statements_covered": 0.0, "percent_statements_covered_display": "0"}, "missing_lines": [194, 195, 196, 197, 199, 215, 218, 219, 222, 224, 225, 227, 228, 231, 232, 233, 234, 236, 239, 241, 242, 243, 244, 246, 253, 256, 259, 260, 262, 277, 278, 279, 282, 290, 291, 292, 310, 311, 312, 314, 315, 316, 319, 320, 321, 329, 330, 335, 336, 345, 347], "excluded_lines": [], "start_line": 168}, "RefreshTokenMiddleware": {"executed_lines": [], "summary": {"covered_lines": 0, "num_statements": 23, "percent_covered": 0.0, "percent_covered_display": "0", "missing_lines": 23, "excluded_lines": 0, "percent_statements_covered": 0.0, "percent_statements_covered_display": "0"}, "missing_lines": [370, 371, 372, 389, 390, 393, 395, 397, 398, 399, 400, 401, 403, 404, 411, 413, 414, 421, 423, 430, 437, 446, 455], "excluded_lines": [], "start_line": 350}, "LogoutMiddleware": {"executed_lines": [], "summary": {"covered_lines": 0, "num_statements": 15, "percent_covered": 0.0, "percent_covered_display": "0", "missing_lines": 15, "excluded_lines": 0, "percent_statements_covered": 0.0, "percent_statements_covered_display": "0"}, "missing_lines": [475, 476, 493, 494, 497, 498, 500, 501, 502, 503, 504, 507, 513, 514, 516], "excluded_lines": [], "start_line": 458}, "": {"executed_lines": [], "summary": {"covered_lines": 0, "num_statements": 80, "percent_covered": 0.0, "percent_covered_display": "0", "missing_lines": 80, "excluded_lines": 2, "percent_statements_covered": 0.0, "percent_statements_covered_display": "0"}, "missing_lines": [14, 16, 17, 18, 20, 21, 22, 24, 25, 27, 30, 31, 46, 47, 48, 49, 50, 51, 52, 62, 66, 69, 80, 81, 84, 85, 86, 88, 91, 101, 102, 103, 105, 106, 107, 109, 112, 122, 125, 142, 143, 144, 147, 148, 149, 150, 153, 154, 155, 158, 159, 163, 165, 168, 179, 201, 264, 284, 294, 350, 357, 374, 458, 464, 478, 521, 530, 533, 545, 546, 547, 551, 554, 563, 566, 575, 580, 588, 591, 599], "excluded_lines": [581, 592], "start_line": 1}}}, "backend/auth/rbac.py": {"executed_lines": [], "summary": {"covered_lines": 0, "num_statements": 348, "percent_covered": 0.0, "percent_covered_display": "0", "missing_lines": 348, "excluded_lines": 4, "percent_statements_covered": 0.0, "percent_statements_covered_display": "0"}, "missing_lines": [14, 16, 17, 18, 19, 20, 21, 22, 34, 36, 38, 41, 49, 50, 51, 52, 53, 56, 57, 58, 59, 62, 63, 64, 65, 68, 69, 70, 71, 74, 75, 76, 77, 78, 79, 82, 83, 84, 85, 88, 89, 90, 91, 94, 95, 96, 99, 100, 103, 110, 111, 112, 113, 116, 117, 127, 128, 130, 139, 140, 141, 142, 143, 144, 145, 146, 149, 150, 164, 165, 166, 167, 168, 169, 170, 171, 173, 186, 187, 190, 192, 193, 194, 197, 198, 199, 200, 201, 203, 205, 218, 222, 235, 239, 248, 249, 250, 252, 258, 260, 266, 268, 277, 279, 285, 287, 293, 303, 304, 313, 326, 334, 377, 384, 385, 394, 396, 397, 406, 408, 409, 418, 420, 421, 427, 429, 430, 439, 442, 448, 450, 451, 452, 454, 456, 457, 459, 461, 462, 463, 464, 466, 468, 469, 470, 471, 472, 473, 474, 476, 478, 479, 481, 483, 484, 485, 486, 487, 490, 503, 516, 517, 518, 519, 522, 524, 527, 533, 536, 541, 543, 545, 555, 556, 558, 561, 564, 565, 566, 569, 570, 572, 578, 579, 581, 583, 606, 607, 608, 610, 611, 612, 614, 621, 622, 623, 625, 634, 636, 645, 647, 665, 666, 667, 669, 670, 671, 673, 674, 676, 677, 679, 680, 681, 683, 692, 693, 694, 695, 697, 707, 708, 709, 711, 712, 713, 714, 716, 726, 727, 728, 730, 731, 732, 733, 735, 748, 749, 751, 764, 765, 769, 782, 783, 787, 793, 794, 796, 802, 803, 805, 811, 813, 819, 823, 826, 833, 834, 835, 838, 845, 848, 854, 858, 872, 875, 876, 878, 879, 880, 881, 882, 883, 884, 886, 887, 893, 894, 895, 901, 904, 905, 906, 910, 915, 921, 923, 926, 943, 946, 947, 948, 949, 950, 951, 952, 953, 954, 956, 957, 962, 963, 964, 969, 972, 973, 977, 982, 988, 990, 993, 1007, 1010, 1011, 1012, 1013, 1014, 1015, 1016, 1017, 1018, 1020, 1021, 1026, 1027, 1028, 1033, 1034, 1038, 1043, 1049, 1051, 1054, 1067, 1078, 1079, 1081, 1093, 1094, 1095, 1100, 1102, 1104, 1105, 1106, 1112, 1113, 1118], "excluded_lines": [859, 927, 994, 1055], "functions": {"PermissionCondition.matches": {"executed_lines": [], "summary": {"covered_lines": 0, "num_statements": 8, "percent_covered": 0.0, "percent_covered_display": "0", "missing_lines": 8, "excluded_lines": 0, "percent_statements_covered": 0.0, "percent_statements_covered_display": "0"}, "missing_lines": [139, 140, 141, 142, 143, 144, 145, 146], "excluded_lines": [], "start_line": 130}, "User.has_permission": {"executed_lines": [], "summary": {"covered_lines": 0, "num_statements": 12, "percent_covered": 0.0, "percent_covered_display": "0", "missing_lines": 12, "excluded_lines": 0, "percent_statements_covered": 0.0, "percent_statements_covered_display": "0"}, "missing_lines": [186, 187, 190, 192, 193, 194, 197, 198, 199, 200, 201, 203], "excluded_lines": [], "start_line": 173}, "User.has_any_permission": {"executed_lines": [], "summary": {"covered_lines": 0, "num_statements": 1, "percent_covered": 0.0, "percent_covered_display": "0", "missing_lines": 1, "excluded_lines": 0, "percent_statements_covered": 0.0, "percent_statements_covered_display": "0"}, "missing_lines": [218], "excluded_lines": [], "start_line": 205}, "User.has_all_permissions": {"executed_lines": [], "summary": {"covered_lines": 0, "num_statements": 1, "percent_covered": 0.0, "percent_covered_display": "0", "missing_lines": 1, "excluded_lines": 0, "percent_statements_covered": 0.0, "percent_statements_covered_display": "0"}, "missing_lines": [235], "excluded_lines": [], "start_line": 222}, "User.has_role": {"executed_lines": [], "summary": {"covered_lines": 0, "num_statements": 3, "percent_covered": 0.0, "percent_covered_display": "0", "missing_lines": 3, "excluded_lines": 0, "percent_statements_covered": 0.0, "percent_statements_covered_display": "0"}, "missing_lines": [248, 249, 250], "excluded_lines": [], "start_line": 239}, "User.add_permission": {"executed_lines": [], "summary": {"covered_lines": 0, "num_statements": 1, "percent_covered": 0.0, "percent_covered_display": "0", "missing_lines": 1, "excluded_lines": 0, "percent_statements_covered": 0.0, "percent_statements_covered_display": "0"}, "missing_lines": [258], "excluded_lines": [], "start_line": 252}, "User.remove_permission": {"executed_lines": [], "summary": {"covered_lines": 0, "num_statements": 1, "percent_covered": 0.0, "percent_covered_display": "0", "missing_lines": 1, "excluded_lines": 0, "percent_statements_covered": 0.0, "percent_statements_covered_display": "0"}, "missing_lines": [266], "excluded_lines": [], "start_line": 260}, "User.set_permission_condition": {"executed_lines": [], "summary": {"covered_lines": 0, "num_statements": 1, "percent_covered": 0.0, "percent_covered_display": "0", "missing_lines": 1, "excluded_lines": 0, "percent_statements_covered": 0.0, "percent_statements_covered_display": "0"}, "missing_lines": [277], "excluded_lines": [], "start_line": 268}, "User.remove_permission_condition": {"executed_lines": [], "summary": {"covered_lines": 0, "num_statements": 1, "percent_covered": 0.0, "percent_covered_display": "0", "missing_lines": 1, "excluded_lines": 0, "percent_statements_covered": 0.0, "percent_statements_covered_display": "0"}, "missing_lines": [285], "excluded_lines": [], "start_line": 279}, "User.to_dict": {"executed_lines": [], "summary": {"covered_lines": 0, "num_statements": 1, "percent_covered": 0.0, "percent_covered_display": "0", "missing_lines": 1, "excluded_lines": 0, "percent_statements_covered": 0.0, "percent_statements_covered_display": "0"}, "missing_lines": [293], "excluded_lines": [], "start_line": 287}, "User.from_dict": {"executed_lines": [], "summary": {"covered_lines": 0, "num_statements": 1, "percent_covered": 0.0, "percent_covered_display": "0", "missing_lines": 1, "excluded_lines": 0, "percent_statements_covered": 0.0, "percent_statements_covered_display": "0"}, "missing_lines": [313], "excluded_lines": [], "start_line": 304}, "UserRepository.get": {"executed_lines": [], "summary": {"covered_lines": 0, "num_statements": 1, "percent_covered": 0.0, "percent_covered_display": "0", "missing_lines": 1, "excluded_lines": 0, "percent_statements_covered": 0.0, "percent_statements_covered_display": "0"}, "missing_lines": [394], "excluded_lines": [], "start_line": 385}, "UserRepository.save": {"executed_lines": [], "summary": {"covered_lines": 0, "num_statements": 1, "percent_covered": 0.0, "percent_covered_display": "0", "missing_lines": 1, "excluded_lines": 0, "percent_statements_covered": 0.0, "percent_statements_covered_display": "0"}, "missing_lines": [406], "excluded_lines": [], "start_line": 397}, "UserRepository.delete": {"executed_lines": [], "summary": {"covered_lines": 0, "num_statements": 1, "percent_covered": 0.0, "percent_covered_display": "0", "missing_lines": 1, "excluded_lines": 0, "percent_statements_covered": 0.0, "percent_statements_covered_display": "0"}, "missing_lines": [418], "excluded_lines": [], "start_line": 409}, "UserRepository.list_all": {"executed_lines": [], "summary": {"covered_lines": 0, "num_statements": 1, "percent_covered": 0.0, "percent_covered_display": "0", "missing_lines": 1, "excluded_lines": 0, "percent_statements_covered": 0.0, "percent_statements_covered_display": "0"}, "missing_lines": [427], "excluded_lines": [], "start_line": 421}, "UserRepository.find_by_username": {"executed_lines": [], "summary": {"covered_lines": 0, "num_statements": 1, "percent_covered": 0.0, "percent_covered_display": "0", "missing_lines": 1, "excluded_lines": 0, "percent_statements_covered": 0.0, "percent_statements_covered_display": "0"}, "missing_lines": [439], "excluded_lines": [], "start_line": 430}, "InMemoryUserRepository.__init__": {"executed_lines": [], "summary": {"covered_lines": 0, "num_statements": 3, "percent_covered": 0.0, "percent_covered_display": "0", "missing_lines": 3, "excluded_lines": 0, "percent_statements_covered": 0.0, "percent_statements_covered_display": "0"}, "missing_lines": [450, 451, 452], "excluded_lines": [], "start_line": 448}, "InMemoryUserRepository.get": {"executed_lines": [], "summary": {"covered_lines": 0, "num_statements": 2, "percent_covered": 0.0, "percent_covered_display": "0", "missing_lines": 2, "excluded_lines": 0, "percent_statements_covered": 0.0, "percent_statements_covered_display": "0"}, "missing_lines": [456, 457], "excluded_lines": [], "start_line": 454}, "InMemoryUserRepository.save": {"executed_lines": [], "summary": {"covered_lines": 0, "num_statements": 4, "percent_covered": 0.0, "percent_covered_display": "0", "missing_lines": 4, "excluded_lines": 0, "percent_statements_covered": 0.0, "percent_statements_covered_display": "0"}, "missing_lines": [461, 462, 463, 464], "excluded_lines": [], "start_line": 459}, "InMemoryUserRepository.delete": {"executed_lines": [], "summary": {"covered_lines": 0, "num_statements": 7, "percent_covered": 0.0, "percent_covered_display": "0", "missing_lines": 7, "excluded_lines": 0, "percent_statements_covered": 0.0, "percent_statements_covered_display": "0"}, "missing_lines": [468, 469, 470, 471, 472, 473, 474], "excluded_lines": [], "start_line": 466}, "InMemoryUserRepository.list_all": {"executed_lines": [], "summary": {"covered_lines": 0, "num_statements": 2, "percent_covered": 0.0, "percent_covered_display": "0", "missing_lines": 2, "excluded_lines": 0, "percent_statements_covered": 0.0, "percent_statements_covered_display": "0"}, "missing_lines": [478, 479], "excluded_lines": [], "start_line": 476}, "InMemoryUserRepository.find_by_username": {"executed_lines": [], "summary": {"covered_lines": 0, "num_statements": 5, "percent_covered": 0.0, "percent_covered_display": "0", "missing_lines": 5, "excluded_lines": 0, "percent_statements_covered": 0.0, "percent_statements_covered_display": "0"}, "missing_lines": [483, 484, 485, 486, 487], "excluded_lines": [], "start_line": 481}, "RBACManager.__init__": {"executed_lines": [], "summary": {"covered_lines": 0, "num_statements": 5, "percent_covered": 0.0, "percent_covered_display": "0", "missing_lines": 5, "excluded_lines": 0, "percent_statements_covered": 0.0, "percent_statements_covered_display": "0"}, "missing_lines": [516, 517, 518, 519, 522], "excluded_lines": [], "start_line": 503}, "RBACManager._initialize_default_users": {"executed_lines": [], "summary": {"covered_lines": 0, "num_statements": 5, "percent_covered": 0.0, "percent_covered_display": "0", "missing_lines": 5, "excluded_lines": 0, "percent_statements_covered": 0.0, "percent_statements_covered_display": "0"}, "missing_lines": [527, 533, 536, 541, 543], "excluded_lines": [], "start_line": 524}, "RBACManager.get_role_permissions": {"executed_lines": [], "summary": {"covered_lines": 0, "num_statements": 9, "percent_covered": 0.0, "percent_covered_display": "0", "missing_lines": 9, "excluded_lines": 0, "percent_statements_covered": 0.0, "percent_statements_covered_display": "0"}, "missing_lines": [555, 556, 558, 561, 564, 565, 566, 569, 570], "excluded_lines": [], "start_line": 545}, "RBACManager.invalidate_permission_cache": {"executed_lines": [], "summary": {"covered_lines": 0, "num_statements": 3, "percent_covered": 0.0, "percent_covered_display": "0", "missing_lines": 3, "excluded_lines": 0, "percent_statements_covered": 0.0, "percent_statements_covered_display": "0"}, "missing_lines": [578, 579, 581], "excluded_lines": [], "start_line": 572}, "RBACManager.create_user": {"executed_lines": [], "summary": {"covered_lines": 0, "num_statements": 10, "percent_covered": 0.0, "percent_covered_display": "0", "missing_lines": 10, "excluded_lines": 0, "percent_statements_covered": 0.0, "percent_statements_covered_display": "0"}, "missing_lines": [606, 607, 608, 610, 611, 612, 614, 621, 622, 623], "excluded_lines": [], "start_line": 583}, "RBACManager.get_user": {"executed_lines": [], "summary": {"covered_lines": 0, "num_statements": 1, "percent_covered": 0.0, "percent_covered_display": "0", "missing_lines": 1, "excluded_lines": 0, "percent_statements_covered": 0.0, "percent_statements_covered_display": "0"}, "missing_lines": [634], "excluded_lines": [], "start_line": 625}, "RBACManager.find_by_username": {"executed_lines": [], "summary": {"covered_lines": 0, "num_statements": 1, "percent_covered": 0.0, "percent_covered_display": "0", "missing_lines": 1, "excluded_lines": 0, "percent_statements_covered": 0.0, "percent_statements_covered_display": "0"}, "missing_lines": [645], "excluded_lines": [], "start_line": 636}, "RBACManager.update_user": {"executed_lines": [], "summary": {"covered_lines": 0, "num_statements": 13, "percent_covered": 0.0, "percent_covered_display": "0", "missing_lines": 13, "excluded_lines": 0, "percent_statements_covered": 0.0, "percent_statements_covered_display": "0"}, "missing_lines": [665, 666, 667, 669, 670, 671, 673, 674, 676, 677, 679, 680, 681], "excluded_lines": [], "start_line": 647}, "RBACManager.delete_user": {"executed_lines": [], "summary": {"covered_lines": 0, "num_statements": 4, "percent_covered": 0.0, "percent_covered_display": "0", "missing_lines": 4, "excluded_lines": 0, "percent_statements_covered": 0.0, "percent_statements_covered_display": "0"}, "missing_lines": [692, 693, 694, 695], "excluded_lines": [], "start_line": 683}, "RBACManager.add_user_permission": {"executed_lines": [], "summary": {"covered_lines": 0, "num_statements": 7, "percent_covered": 0.0, "percent_covered_display": "0", "missing_lines": 7, "excluded_lines": 0, "percent_statements_covered": 0.0, "percent_statements_covered_display": "0"}, "missing_lines": [707, 708, 709, 711, 712, 713, 714], "excluded_lines": [], "start_line": 697}, "RBACManager.remove_user_permission": {"executed_lines": [], "summary": {"covered_lines": 0, "num_statements": 7, "percent_covered": 0.0, "percent_covered_display": "0", "missing_lines": 7, "excluded_lines": 0, "percent_statements_covered": 0.0, "percent_statements_covered_display": "0"}, "missing_lines": [726, 727, 728, 730, 731, 732, 733], "excluded_lines": [], "start_line": 716}, "RBACManager.check_permission": {"executed_lines": [], "summary": {"covered_lines": 0, "num_statements": 2, "percent_covered": 0.0, "percent_covered_display": "0", "missing_lines": 2, "excluded_lines": 0, "percent_statements_covered": 0.0, "percent_statements_covered_display": "0"}, "missing_lines": [748, 749], "excluded_lines": [], "start_line": 735}, "RBACManager.check_any_permission": {"executed_lines": [], "summary": {"covered_lines": 0, "num_statements": 2, "percent_covered": 0.0, "percent_covered_display": "0", "missing_lines": 2, "excluded_lines": 0, "percent_statements_covered": 0.0, "percent_statements_covered_display": "0"}, "missing_lines": [764, 765], "excluded_lines": [], "start_line": 751}, "RBACManager.check_all_permissions": {"executed_lines": [], "summary": {"covered_lines": 0, "num_statements": 2, "percent_covered": 0.0, "percent_covered_display": "0", "missing_lines": 2, "excluded_lines": 0, "percent_statements_covered": 0.0, "percent_statements_covered_display": "0"}, "missing_lines": [782, 783], "excluded_lines": [], "start_line": 769}, "RBACManager.list_users": {"executed_lines": [], "summary": {"covered_lines": 0, "num_statements": 2, "percent_covered": 0.0, "percent_covered_display": "0", "missing_lines": 2, "excluded_lines": 0, "percent_statements_covered": 0.0, "percent_statements_covered_display": "0"}, "missing_lines": [793, 794], "excluded_lines": [], "start_line": 787}, "RBACManager.get_user_count": {"executed_lines": [], "summary": {"covered_lines": 0, "num_statements": 2, "percent_covered": 0.0, "percent_covered_display": "0", "missing_lines": 2, "excluded_lines": 0, "percent_statements_covered": 0.0, "percent_statements_covered_display": "0"}, "missing_lines": [802, 803], "excluded_lines": [], "start_line": 796}, "RBACManager.get_all_permissions": {"executed_lines": [], "summary": {"covered_lines": 0, "num_statements": 1, "percent_covered": 0.0, "percent_covered_display": "0", "missing_lines": 1, "excluded_lines": 0, "percent_statements_covered": 0.0, "percent_statements_covered_display": "0"}, "missing_lines": [811], "excluded_lines": [], "start_line": 805}, "RBACManager.get_all_roles": {"executed_lines": [], "summary": {"covered_lines": 0, "num_statements": 1, "percent_covered": 0.0, "percent_covered_display": "0", "missing_lines": 1, "excluded_lines": 0, "percent_statements_covered": 0.0, "percent_statements_covered_display": "0"}, "missing_lines": [819], "excluded_lines": [], "start_line": 813}, "get_rbac": {"executed_lines": [], "summary": {"covered_lines": 0, "num_statements": 3, "percent_covered": 0.0, "percent_covered_display": "0", "missing_lines": 3, "excluded_lines": 0, "percent_statements_covered": 0.0, "percent_statements_covered_display": "0"}, "missing_lines": [833, 834, 835], "excluded_lines": [], "start_line": 826}, "set_rbac": {"executed_lines": [], "summary": {"covered_lines": 0, "num_statements": 1, "percent_covered": 0.0, "percent_covered_display": "0", "missing_lines": 1, "excluded_lines": 0, "percent_statements_covered": 0.0, "percent_statements_covered_display": "0"}, "missing_lines": [845], "excluded_lines": [], "start_line": 838}, "reset_rbac": {"executed_lines": [], "summary": {"covered_lines": 0, "num_statements": 1, "percent_covered": 0.0, "percent_covered_display": "0", "missing_lines": 1, "excluded_lines": 0, "percent_statements_covered": 0.0, "percent_statements_covered_display": "0"}, "missing_lines": [854], "excluded_lines": [], "start_line": 848}, "require_permission": {"executed_lines": [], "summary": {"covered_lines": 0, "num_statements": 3, "percent_covered": 0.0, "percent_covered_display": "0", "missing_lines": 3, "excluded_lines": 1, "percent_statements_covered": 0.0, "percent_statements_covered_display": "0"}, "missing_lines": [872, 875, 923], "excluded_lines": [859], "start_line": 858}, "require_permission.decorator": {"executed_lines": [], "summary": {"covered_lines": 0, "num_statements": 2, "percent_covered": 0.0, "percent_covered_display": "0", "missing_lines": 2, "excluded_lines": 0, "percent_statements_covered": 0.0, "percent_statements_covered_display": "0"}, "missing_lines": [876, 921], "excluded_lines": [], "start_line": 872}, "require_permission.decorator.wrapper": {"executed_lines": [], "summary": {"covered_lines": 0, "num_statements": 18, "percent_covered": 0.0, "percent_covered_display": "0", "missing_lines": 18, "excluded_lines": 0, "percent_statements_covered": 0.0, "percent_statements_covered_display": "0"}, "missing_lines": [878, 879, 880, 881, 882, 883, 884, 886, 887, 893, 894, 895, 901, 904, 905, 906, 910, 915], "excluded_lines": [], "start_line": 876}, "require_any_permission": {"executed_lines": [], "summary": {"covered_lines": 0, "num_statements": 3, "percent_covered": 0.0, "percent_covered_display": "0", "missing_lines": 3, "excluded_lines": 1, "percent_statements_covered": 0.0, "percent_statements_covered_display": "0"}, "missing_lines": [943, 946, 990], "excluded_lines": [927], "start_line": 926}, "require_any_permission.decorator": {"executed_lines": [], "summary": {"covered_lines": 0, "num_statements": 2, "percent_covered": 0.0, "percent_covered_display": "0", "missing_lines": 2, "excluded_lines": 0, "percent_statements_covered": 0.0, "percent_statements_covered_display": "0"}, "missing_lines": [947, 988], "excluded_lines": [], "start_line": 943}, "require_any_permission.decorator.wrapper": {"executed_lines": [], "summary": {"covered_lines": 0, "num_statements": 17, "percent_covered": 0.0, "percent_covered_display": "0", "missing_lines": 17, "excluded_lines": 0, "percent_statements_covered": 0.0, "percent_statements_covered_display": "0"}, "missing_lines": [948, 949, 950, 951, 952, 953, 954, 956, 957, 962, 963, 964, 969, 972, 973, 977, 982], "excluded_lines": [], "start_line": 947}, "require_role": {"executed_lines": [], "summary": {"covered_lines": 0, "num_statements": 3, "percent_covered": 0.0, "percent_covered_display": "0", "missing_lines": 3, "excluded_lines": 1, "percent_statements_covered": 0.0, "percent_statements_covered_display": "0"}, "missing_lines": [1007, 1010, 1051], "excluded_lines": [994], "start_line": 993}, "require_role.decorator": {"executed_lines": [], "summary": {"covered_lines": 0, "num_statements": 2, "percent_covered": 0.0, "percent_covered_display": "0", "missing_lines": 2, "excluded_lines": 0, "percent_statements_covered": 0.0, "percent_statements_covered_display": "0"}, "missing_lines": [1011, 1049], "excluded_lines": [], "start_line": 1007}, "require_role.decorator.wrapper": {"executed_lines": [], "summary": {"covered_lines": 0, "num_statements": 16, "percent_covered": 0.0, "percent_covered_display": "0", "missing_lines": 16, "excluded_lines": 0, "percent_statements_covered": 0.0, "percent_statements_covered_display": "0"}, "missing_lines": [1012, 1013, 1014, 1015, 1016, 1017, 1018, 1020, 1021, 1026, 1027, 1028, 1033, 1034, 1038, 1043], "excluded_lines": [], "start_line": 1011}, "RequirePermission.__init__": {"executed_lines": [], "summary": {"covered_lines": 0, "num_statements": 2, "percent_covered": 0.0, "percent_covered_display": "0", "missing_lines": 2, "excluded_lines": 0, "percent_statements_covered": 0.0, "percent_statements_covered_display": "0"}, "missing_lines": [1078, 1079], "excluded_lines": [], "start_line": 1067}, "RequirePermission.__call__": {"executed_lines": [], "summary": {"covered_lines": 0, "num_statements": 11, "percent_covered": 0.0, "percent_covered_display": "0", "missing_lines": 11, "excluded_lines": 0, "percent_statements_covered": 0.0, "percent_statements_covered_display": "0"}, "missing_lines": [1093, 1094, 1095, 1100, 1102, 1104, 1105, 1106, 1112, 1113, 1118], "excluded_lines": [], "start_line": 1081}, "": {"executed_lines": [], "summary": {"covered_lines": 0, "num_statements": 128, "percent_covered": 0.0, "percent_covered_display": "0", "missing_lines": 128, "excluded_lines": 1, "percent_statements_covered": 0.0, "percent_statements_covered_display": "0"}, "missing_lines": [14, 16, 17, 18, 19, 20, 21, 22, 34, 36, 38, 41, 49, 50, 51, 52, 53, 56, 57, 58, 59, 62, 63, 64, 65, 68, 69, 70, 71, 74, 75, 76, 77, 78, 79, 82, 83, 84, 85, 88, 89, 90, 91, 94, 95, 96, 99, 100, 103, 110, 111, 112, 113, 116, 117, 127, 128, 130, 149, 150, 164, 165, 166, 167, 168, 169, 170, 171, 173, 205, 222, 239, 252, 260, 268, 279, 287, 303, 304, 326, 334, 377, 384, 385, 396, 397, 408, 409, 420, 421, 429, 430, 442, 448, 454, 459, 466, 476, 481, 490, 503, 524, 545, 572, 583, 625, 636, 647, 683, 697, 716, 735, 751, 769, 787, 796, 805, 813, 823, 826, 838, 848, 858, 926, 993, 1054, 1067, 1081], "excluded_lines": [1055], "start_line": 1}}, "classes": {"Permission": {"executed_lines": [], "summary": {"covered_lines": 0, "num_statements": 0, "percent_covered": 100.0, "percent_covered_display": "100", "missing_lines": 0, "excluded_lines": 0, "percent_statements_covered": 100.0, "percent_statements_covered_display": "100"}, "missing_lines": [], "excluded_lines": [], "start_line": 41}, "Role": {"executed_lines": [], "summary": {"covered_lines": 0, "num_statements": 0, "percent_covered": 100.0, "percent_covered_display": "100", "missing_lines": 0, "excluded_lines": 0, "percent_statements_covered": 100.0, "percent_statements_covered_display": "100"}, "missing_lines": [], "excluded_lines": [], "start_line": 103}, "PermissionCondition": {"executed_lines": [], "summary": {"covered_lines": 0, "num_statements": 8, "percent_covered": 0.0, "percent_covered_display": "0", "missing_lines": 8, "excluded_lines": 0, "percent_statements_covered": 0.0, "percent_statements_covered_display": "0"}, "missing_lines": [139, 140, 141, 142, 143, 144, 145, 146], "excluded_lines": [], "start_line": 117}, "User": {"executed_lines": [], "summary": {"covered_lines": 0, "num_statements": 23, "percent_covered": 0.0, "percent_covered_display": "0", "missing_lines": 23, "excluded_lines": 0, "percent_statements_covered": 0.0, "percent_statements_covered_display": "0"}, "missing_lines": [186, 187, 190, 192, 193, 194, 197, 198, 199, 200, 201, 203, 218, 235, 248, 249, 250, 258, 266, 277, 285, 293, 313], "excluded_lines": [], "start_line": 150}, "UserRepository": {"executed_lines": [], "summary": {"covered_lines": 0, "num_statements": 5, "percent_covered": 0.0, "percent_covered_display": "0", "missing_lines": 5, "excluded_lines": 0, "percent_statements_covered": 0.0, "percent_statements_covered_display": "0"}, "missing_lines": [394, 406, 418, 427, 439], "excluded_lines": [], "start_line": 377}, "InMemoryUserRepository": {"executed_lines": [], "summary": {"covered_lines": 0, "num_statements": 23, "percent_covered": 0.0, "percent_covered_display": "0", "missing_lines": 23, "excluded_lines": 0, "percent_statements_covered": 0.0, "percent_statements_covered_display": "0"}, "missing_lines": [450, 451, 452, 456, 457, 461, 462, 463, 464, 468, 469, 470, 471, 472, 473, 474, 478, 479, 483, 484, 485, 486, 487], "excluded_lines": [], "start_line": 442}, "RBACManager": {"executed_lines": [], "summary": {"covered_lines": 0, "num_statements": 77, "percent_covered": 0.0, "percent_covered_display": "0", "missing_lines": 77, "excluded_lines": 0, "percent_statements_covered": 0.0, "percent_statements_covered_display": "0"}, "missing_lines": [516, 517, 518, 519, 522, 527, 533, 536, 541, 543, 555, 556, 558, 561, 564, 565, 566, 569, 570, 578, 579, 581, 606, 607, 608, 610, 611, 612, 614, 621, 622, 623, 634, 645, 665, 666, 667, 669, 670, 671, 673, 674, 676, 677, 679, 680, 681, 692, 693, 694, 695, 707, 708, 709, 711, 712, 713, 714, 726, 727, 728, 730, 731, 732, 733, 748, 749, 764, 765, 782, 783, 793, 794, 802, 803, 811, 819], "excluded_lines": [], "start_line": 490}, "RequirePermission": {"executed_lines": [], "summary": {"covered_lines": 0, "num_statements": 13, "percent_covered": 0.0, "percent_covered_display": "0", "missing_lines": 13, "excluded_lines": 0, "percent_statements_covered": 0.0, "percent_statements_covered_display": "0"}, "missing_lines": [1078, 1079, 1093, 1094, 1095, 1100, 1102, 1104, 1105, 1106, 1112, 1113, 1118], "excluded_lines": [], "start_line": 1054}, "": {"executed_lines": [], "summary": {"covered_lines": 0, "num_statements": 199, "percent_covered": 0.0, "percent_covered_display": "0", "missing_lines": 199, "excluded_lines": 4, "percent_statements_covered": 0.0, "percent_statements_covered_display": "0"}, "missing_lines": [14, 16, 17, 18, 19, 20, 21, 22, 34, 36, 38, 41, 49, 50, 51, 52, 53, 56, 57, 58, 59, 62, 63, 64, 65, 68, 69, 70, 71, 74, 75, 76, 77, 78, 79, 82, 83, 84, 85, 88, 89, 90, 91, 94, 95, 96, 99, 100, 103, 110, 111, 112, 113, 116, 117, 127, 128, 130, 149, 150, 164, 165, 166, 167, 168, 169, 170, 171, 173, 205, 222, 239, 252, 260, 268, 279, 287, 303, 304, 326, 334, 377, 384, 385, 396, 397, 408, 409, 420, 421, 429, 430, 442, 448, 454, 459, 466, 476, 481, 490, 503, 524, 545, 572, 583, 625, 636, 647, 683, 697, 716, 735, 751, 769, 787, 796, 805, 813, 823, 826, 833, 834, 835, 838, 845, 848, 854, 858, 872, 875, 876, 878, 879, 880, 881, 882, 883, 884, 886, 887, 893, 894, 895, 901, 904, 905, 906, 910, 915, 921, 923, 926, 943, 946, 947, 948, 949, 950, 951, 952, 953, 954, 956, 957, 962, 963, 964, 969, 972, 973, 977, 982, 988, 990, 993, 1007, 1010, 1011, 1012, 1013, 1014, 1015, 1016, 1017, 1018, 1020, 1021, 1026, 1027, 1028, 1033, 1034, 1038, 1043, 1049, 1051, 1054, 1067, 1081], "excluded_lines": [859, 927, 994, 1055], "start_line": 1}}}, "backend/cache/__init__.py": {"executed_lines": [], "summary": {"covered_lines": 0, "num_statements": 5, "percent_covered": 0.0, "percent_covered_display": "0", "missing_lines": 5, "excluded_lines": 0, "percent_statements_covered": 0.0, "percent_statements_covered_display": "0"}, "missing_lines": [13, 24, 26, 28, 44], "excluded_lines": [], "functions": {"": {"executed_lines": [], "summary": {"covered_lines": 0, "num_statements": 5, "percent_covered": 0.0, "percent_covered_display": "0", "missing_lines": 5, "excluded_lines": 0, "percent_statements_covered": 0.0, "percent_statements_covered_display": "0"}, "missing_lines": [13, 24, 26, 28, 44], "excluded_lines": [], "start_line": 1}}, "classes": {"": {"executed_lines": [], "summary": {"covered_lines": 0, "num_statements": 5, "percent_covered": 0.0, "percent_covered_display": "0", "missing_lines": 5, "excluded_lines": 0, "percent_statements_covered": 0.0, "percent_statements_covered_display": "0"}, "missing_lines": [13, 24, 26, 28, 44], "excluded_lines": [], "start_line": 1}}}, "backend/cache/decorators.py": {"executed_lines": [], "summary": {"covered_lines": 0, "num_statements": 204, "percent_covered": 0.0, "percent_covered_display": "0", "missing_lines": 204, "excluded_lines": 0, "percent_statements_covered": 0.0, "percent_statements_covered_display": "0"}, "missing_lines": [6, 7, 8, 9, 10, 11, 12, 23, 24, 26, 28, 30, 31, 32, 35, 38, 39, 40, 43, 63, 64, 67, 70, 72, 73, 74, 75, 76, 77, 79, 82, 83, 84, 85, 86, 87, 88, 90, 95, 96, 97, 100, 101, 102, 103, 104, 105, 107, 108, 111, 112, 114, 117, 144, 145, 146, 148, 149, 152, 154, 156, 157, 160, 163, 164, 165, 166, 169, 172, 174, 176, 178, 181, 192, 195, 206, 209, 220, 223, 234, 237, 248, 251, 257, 263, 265, 266, 268, 285, 287, 296, 303, 306, 307, 308, 310, 311, 312, 313, 315, 316, 317, 318, 319, 320, 322, 325, 327, 328, 329, 330, 331, 333, 335, 340, 342, 347, 349, 351, 354, 369, 370, 371, 373, 376, 378, 379, 381, 383, 385, 387, 390, 396, 409, 411, 412, 413, 415, 430, 431, 432, 435, 438, 440, 443, 456, 457, 459, 460, 462, 465, 466, 467, 468, 470, 473, 476, 478, 479, 481, 486, 488, 491, 492, 494, 496, 499, 502, 515, 517, 518, 519, 521, 535, 537, 538, 541, 543, 545, 551, 554, 556, 562, 565, 566, 569, 570, 571, 578, 581, 599, 600, 602, 603, 605, 606, 608, 611, 613, 614, 616, 621, 623, 625], "excluded_lines": [], "functions": {"_generate_cache_key": {"executed_lines": [], "summary": {"covered_lines": 0, "num_statements": 33, "percent_covered": 0.0, "percent_covered_display": "0", "missing_lines": 33, "excluded_lines": 0, "percent_statements_covered": 0.0, "percent_statements_covered_display": "0"}, "missing_lines": [63, 64, 67, 70, 72, 73, 74, 75, 76, 77, 79, 82, 83, 84, 85, 86, 87, 88, 90, 95, 96, 97, 100, 101, 102, 103, 104, 105, 107, 108, 111, 112, 114], "excluded_lines": [], "start_line": 43}, "cached": {"executed_lines": [], "summary": {"covered_lines": 0, "num_statements": 3, "percent_covered": 0.0, "percent_covered_display": "0", "missing_lines": 3, "excluded_lines": 0, "percent_statements_covered": 0.0, "percent_statements_covered_display": "0"}, "missing_lines": [144, 145, 178], "excluded_lines": [], "start_line": 117}, "cached.decorator": {"executed_lines": [], "summary": {"covered_lines": 0, "num_statements": 2, "percent_covered": 0.0, "percent_covered_display": "0", "missing_lines": 2, "excluded_lines": 0, "percent_statements_covered": 0.0, "percent_statements_covered_display": "0"}, "missing_lines": [146, 176], "excluded_lines": [], "start_line": 144}, "cached.decorator.wrapper": {"executed_lines": [], "summary": {"covered_lines": 0, "num_statements": 14, "percent_covered": 0.0, "percent_covered_display": "0", "missing_lines": 14, "excluded_lines": 0, "percent_statements_covered": 0.0, "percent_statements_covered_display": "0"}, "missing_lines": [148, 149, 152, 154, 156, 157, 160, 163, 164, 165, 166, 169, 172, 174], "excluded_lines": [], "start_line": 146}, "cached_query": {"executed_lines": [], "summary": {"covered_lines": 0, "num_statements": 1, "percent_covered": 0.0, "percent_covered_display": "0", "missing_lines": 1, "excluded_lines": 0, "percent_statements_covered": 0.0, "percent_statements_covered_display": "0"}, "missing_lines": [192], "excluded_lines": [], "start_line": 181}, "cached_vector_search": {"executed_lines": [], "summary": {"covered_lines": 0, "num_statements": 1, "percent_covered": 0.0, "percent_covered_display": "0", "missing_lines": 1, "excluded_lines": 0, "percent_statements_covered": 0.0, "percent_statements_covered_display": "0"}, "missing_lines": [206], "excluded_lines": [], "start_line": 195}, "cached_llm": {"executed_lines": [], "summary": {"covered_lines": 0, "num_statements": 1, "percent_covered": 0.0, "percent_covered_display": "0", "missing_lines": 1, "excluded_lines": 0, "percent_statements_covered": 0.0, "percent_statements_covered_display": "0"}, "missing_lines": [220], "excluded_lines": [], "start_line": 209}, "cached_document": {"executed_lines": [], "summary": {"covered_lines": 0, "num_statements": 1, "percent_covered": 0.0, "percent_covered_display": "0", "missing_lines": 1, "excluded_lines": 0, "percent_statements_covered": 0.0, "percent_statements_covered_display": "0"}, "missing_lines": [234], "excluded_lines": [], "start_line": 223}, "cached_stats": {"executed_lines": [], "summary": {"covered_lines": 0, "num_statements": 1, "percent_covered": 0.0, "percent_covered_display": "0", "missing_lines": 1, "excluded_lines": 0, "percent_statements_covered": 0.0, "percent_statements_covered_display": "0"}, "missing_lines": [248], "excluded_lines": [], "start_line": 237}, "CacheWarmer.__init__": {"executed_lines": [], "summary": {"covered_lines": 0, "num_statements": 3, "percent_covered": 0.0, "percent_covered_display": "0", "missing_lines": 3, "excluded_lines": 0, "percent_statements_covered": 0.0, "percent_statements_covered_display": "0"}, "missing_lines": [263, 265, 266], "excluded_lines": [], "start_line": 257}, "CacheWarmer.add_task": {"executed_lines": [], "summary": {"covered_lines": 0, "num_statements": 1, "percent_covered": 0.0, "percent_covered_display": "0", "missing_lines": 1, "excluded_lines": 0, "percent_statements_covered": 0.0, "percent_statements_covered_display": "0"}, "missing_lines": [285], "excluded_lines": [], "start_line": 268}, "CacheWarmer.warm_up": {"executed_lines": [], "summary": {"covered_lines": 0, "num_statements": 19, "percent_covered": 0.0, "percent_covered_display": "0", "missing_lines": 19, "excluded_lines": 0, "percent_statements_covered": 0.0, "percent_statements_covered_display": "0"}, "missing_lines": [296, 303, 306, 307, 308, 310, 311, 322, 325, 327, 328, 329, 330, 331, 333, 335, 340, 342, 347], "excluded_lines": [], "start_line": 287}, "CacheWarmer.warm_up.warm_task": {"executed_lines": [], "summary": {"covered_lines": 0, "num_statements": 8, "percent_covered": 0.0, "percent_covered_display": "0", "missing_lines": 8, "excluded_lines": 0, "percent_statements_covered": 0.0, "percent_statements_covered_display": "0"}, "missing_lines": [312, 313, 315, 316, 317, 318, 319, 320], "excluded_lines": [], "start_line": 311}, "CacheWarmer.clear_tasks": {"executed_lines": [], "summary": {"covered_lines": 0, "num_statements": 1, "percent_covered": 0.0, "percent_covered_display": "0", "missing_lines": 1, "excluded_lines": 0, "percent_statements_covered": 0.0, "percent_statements_covered_display": "0"}, "missing_lines": [351], "excluded_lines": [], "start_line": 349}, "invalidate_cache": {"executed_lines": [], "summary": {"covered_lines": 0, "num_statements": 3, "percent_covered": 0.0, "percent_covered_display": "0", "missing_lines": 3, "excluded_lines": 0, "percent_statements_covered": 0.0, "percent_statements_covered_display": "0"}, "missing_lines": [369, 370, 387], "excluded_lines": [], "start_line": 354}, "invalidate_cache.decorator": {"executed_lines": [], "summary": {"covered_lines": 0, "num_statements": 2, "percent_covered": 0.0, "percent_covered_display": "0", "missing_lines": 2, "excluded_lines": 0, "percent_statements_covered": 0.0, "percent_statements_covered_display": "0"}, "missing_lines": [371, 385], "excluded_lines": [], "start_line": 369}, "invalidate_cache.decorator.wrapper": {"executed_lines": [], "summary": {"covered_lines": 0, "num_statements": 6, "percent_covered": 0.0, "percent_covered_display": "0", "missing_lines": 6, "excluded_lines": 0, "percent_statements_covered": 0.0, "percent_statements_covered_display": "0"}, "missing_lines": [373, 376, 378, 379, 381, 383], "excluded_lines": [], "start_line": 371}, "CacheAside.__init__": {"executed_lines": [], "summary": {"covered_lines": 0, "num_statements": 4, "percent_covered": 0.0, "percent_covered_display": "0", "missing_lines": 4, "excluded_lines": 0, "percent_statements_covered": 0.0, "percent_statements_covered_display": "0"}, "missing_lines": [409, 411, 412, 413], "excluded_lines": [], "start_line": 396}, "CacheAside.get_or_compute": {"executed_lines": [], "summary": {"covered_lines": 0, "num_statements": 6, "percent_covered": 0.0, "percent_covered_display": "0", "missing_lines": 6, "excluded_lines": 0, "percent_statements_covered": 0.0, "percent_statements_covered_display": "0"}, "missing_lines": [430, 431, 432, 435, 438, 440], "excluded_lines": [], "start_line": 415}, "memoize_async": {"executed_lines": [], "summary": {"covered_lines": 0, "num_statements": 2, "percent_covered": 0.0, "percent_covered_display": "0", "missing_lines": 2, "excluded_lines": 0, "percent_statements_covered": 0.0, "percent_statements_covered_display": "0"}, "missing_lines": [456, 496], "excluded_lines": [], "start_line": 443}, "memoize_async.decorator": {"executed_lines": [], "summary": {"covered_lines": 0, "num_statements": 6, "percent_covered": 0.0, "percent_covered_display": "0", "missing_lines": 6, "excluded_lines": 0, "percent_statements_covered": 0.0, "percent_statements_covered_display": "0"}, "missing_lines": [457, 459, 460, 491, 492, 494], "excluded_lines": [], "start_line": 456}, "memoize_async.decorator.wrapper": {"executed_lines": [], "summary": {"covered_lines": 0, "num_statements": 13, "percent_covered": 0.0, "percent_covered_display": "0", "missing_lines": 13, "excluded_lines": 0, "percent_statements_covered": 0.0, "percent_statements_covered_display": "0"}, "missing_lines": [462, 465, 466, 467, 468, 470, 473, 476, 478, 479, 481, 486, 488], "excluded_lines": [], "start_line": 460}, "RateLimiterCache.__init__": {"executed_lines": [], "summary": {"covered_lines": 0, "num_statements": 4, "percent_covered": 0.0, "percent_covered_display": "0", "missing_lines": 4, "excluded_lines": 0, "percent_statements_covered": 0.0, "percent_statements_covered_display": "0"}, "missing_lines": [515, 517, 518, 519], "excluded_lines": [], "start_line": 502}, "RateLimiterCache.is_allowed": {"executed_lines": [], "summary": {"covered_lines": 0, "num_statements": 16, "percent_covered": 0.0, "percent_covered_display": "0", "missing_lines": 16, "excluded_lines": 0, "percent_statements_covered": 0.0, "percent_statements_covered_display": "0"}, "missing_lines": [535, 537, 538, 541, 543, 545, 551, 554, 556, 562, 565, 566, 569, 570, 571, 578], "excluded_lines": [], "start_line": 521}, "rate_limit": {"executed_lines": [], "summary": {"covered_lines": 0, "num_statements": 2, "percent_covered": 0.0, "percent_covered_display": "0", "missing_lines": 2, "excluded_lines": 0, "percent_statements_covered": 0.0, "percent_statements_covered_display": "0"}, "missing_lines": [599, 625], "excluded_lines": [], "start_line": 581}, "rate_limit.decorator": {"executed_lines": [], "summary": {"covered_lines": 0, "num_statements": 4, "percent_covered": 0.0, "percent_covered_display": "0", "missing_lines": 4, "excluded_lines": 0, "percent_statements_covered": 0.0, "percent_statements_covered_display": "0"}, "missing_lines": [600, 602, 603, 623], "excluded_lines": [], "start_line": 599}, "rate_limit.decorator.wrapper": {"executed_lines": [], "summary": {"covered_lines": 0, "num_statements": 8, "percent_covered": 0.0, "percent_covered_display": "0", "missing_lines": 8, "excluded_lines": 0, "percent_statements_covered": 0.0, "percent_statements_covered_display": "0"}, "missing_lines": [605, 606, 608, 611, 613, 614, 616, 621], "excluded_lines": [], "start_line": 603}, "": {"executed_lines": [], "summary": {"covered_lines": 0, "num_statements": 39, "percent_covered": 0.0, "percent_covered_display": "0", "missing_lines": 39, "excluded_lines": 0, "percent_statements_covered": 0.0, "percent_statements_covered_display": "0"}, "missing_lines": [6, 7, 8, 9, 10, 11, 12, 23, 24, 26, 28, 30, 31, 32, 35, 38, 39, 40, 43, 117, 181, 195, 209, 223, 237, 251, 257, 268, 287, 349, 354, 390, 396, 415, 443, 499, 502, 521, 581], "excluded_lines": [], "start_line": 1}}, "classes": {"CacheKeyGenerator": {"executed_lines": [], "summary": {"covered_lines": 0, "num_statements": 0, "percent_covered": 100.0, "percent_covered_display": "100", "missing_lines": 0, "excluded_lines": 0, "percent_statements_covered": 100.0, "percent_statements_covered_display": "100"}, "missing_lines": [], "excluded_lines": [], "start_line": 35}, "CacheWarmer": {"executed_lines": [], "summary": {"covered_lines": 0, "num_statements": 32, "percent_covered": 0.0, "percent_covered_display": "0", "missing_lines": 32, "excluded_lines": 0, "percent_statements_covered": 0.0, "percent_statements_covered_display": "0"}, "missing_lines": [263, 265, 266, 285, 296, 303, 306, 307, 308, 310, 311, 312, 313, 315, 316, 317, 318, 319, 320, 322, 325, 327, 328, 329, 330, 331, 333, 335, 340, 342, 347, 351], "excluded_lines": [], "start_line": 251}, "CacheAside": {"executed_lines": [], "summary": {"covered_lines": 0, "num_statements": 10, "percent_covered": 0.0, "percent_covered_display": "0", "missing_lines": 10, "excluded_lines": 0, "percent_statements_covered": 0.0, "percent_statements_covered_display": "0"}, "missing_lines": [409, 411, 412, 413, 430, 431, 432, 435, 438, 440], "excluded_lines": [], "start_line": 390}, "RateLimiterCache": {"executed_lines": [], "summary": {"covered_lines": 0, "num_statements": 20, "percent_covered": 0.0, "percent_covered_display": "0", "missing_lines": 20, "excluded_lines": 0, "percent_statements_covered": 0.0, "percent_statements_covered_display": "0"}, "missing_lines": [515, 517, 518, 519, 535, 537, 538, 541, 543, 545, 551, 554, 556, 562, 565, 566, 569, 570, 571, 578], "excluded_lines": [], "start_line": 499}, "": {"executed_lines": [], "summary": {"covered_lines": 0, "num_statements": 142, "percent_covered": 0.0, "percent_covered_display": "0", "missing_lines": 142, "excluded_lines": 0, "percent_statements_covered": 0.0, "percent_statements_covered_display": "0"}, "missing_lines": [6, 7, 8, 9, 10, 11, 12, 23, 24, 26, 28, 30, 31, 32, 35, 38, 39, 40, 43, 63, 64, 67, 70, 72, 73, 74, 75, 76, 77, 79, 82, 83, 84, 85, 86, 87, 88, 90, 95, 96, 97, 100, 101, 102, 103, 104, 105, 107, 108, 111, 112, 114, 117, 144, 145, 146, 148, 149, 152, 154, 156, 157, 160, 163, 164, 165, 166, 169, 172, 174, 176, 178, 181, 192, 195, 206, 209, 220, 223, 234, 237, 248, 251, 257, 268, 287, 349, 354, 369, 370, 371, 373, 376, 378, 379, 381, 383, 385, 387, 390, 396, 415, 443, 456, 457, 459, 460, 462, 465, 466, 467, 468, 470, 473, 476, 478, 479, 481, 486, 488, 491, 492, 494, 496, 499, 502, 521, 581, 599, 600, 602, 603, 605, 606, 608, 611, 613, 614, 616, 621, 623, 625], "excluded_lines": [], "start_line": 1}}}, "backend/cache/manager.py": {"executed_lines": [], "summary": {"covered_lines": 0, "num_statements": 292, "percent_covered": 0.0, "percent_covered_display": "0", "missing_lines": 292, "excluded_lines": 0, "percent_statements_covered": 0.0, "percent_statements_covered_display": "0"}, "missing_lines": [6, 7, 8, 9, 10, 11, 12, 13, 14, 16, 17, 19, 21, 24, 26, 27, 30, 32, 33, 34, 37, 38, 40, 41, 42, 43, 46, 49, 61, 62, 65, 66, 69, 70, 72, 73, 74, 75, 76, 77, 78, 80, 81, 83, 85, 86, 88, 89, 90, 92, 93, 95, 96, 97, 99, 100, 102, 103, 104, 107, 121, 134, 137, 143, 144, 145, 146, 147, 149, 153, 154, 155, 158, 159, 162, 163, 164, 166, 168, 170, 180, 181, 184, 187, 188, 189, 191, 193, 202, 204, 210, 211, 213, 214, 216, 237, 238, 241, 242, 243, 245, 246, 247, 248, 249, 250, 251, 252, 253, 254, 255, 256, 257, 258, 259, 261, 279, 280, 282, 285, 286, 287, 288, 289, 290, 291, 292, 295, 296, 297, 298, 299, 300, 303, 304, 306, 307, 308, 309, 311, 312, 314, 328, 329, 331, 334, 335, 336, 337, 339, 341, 356, 357, 359, 362, 363, 366, 368, 369, 370, 372, 374, 375, 376, 380, 382, 384, 397, 401, 403, 414, 416, 418, 419, 421, 423, 434, 438, 440, 447, 448, 450, 452, 454, 455, 457, 459, 461, 462, 464, 466, 476, 477, 479, 497, 498, 499, 502, 503, 505, 507, 513, 530, 532, 534, 550, 551, 552, 554, 556, 558, 566, 567, 569, 570, 571, 572, 573, 574, 575, 577, 579, 580, 582, 587, 589, 605, 606, 608, 617, 619, 620, 625, 627, 629, 635, 642, 643, 644, 645, 646, 647, 648, 649, 650, 653, 654, 655, 656, 657, 658, 659, 660, 661, 663, 665, 667, 668, 669, 673, 676, 690, 691, 692, 695, 710, 711, 714, 715, 716, 717, 718, 719, 722, 723, 725, 728, 745, 746, 748, 751, 752, 753, 754, 757, 758, 759, 762, 765, 767, 769, 770], "excluded_lines": [], "functions": {"CacheStats.total_requests": {"executed_lines": [], "summary": {"covered_lines": 0, "num_statements": 1, "percent_covered": 0.0, "percent_covered_display": "0", "missing_lines": 1, "excluded_lines": 0, "percent_statements_covered": 0.0, "percent_statements_covered_display": "0"}, "missing_lines": [83], "excluded_lines": [], "start_line": 81}, "CacheStats.hit_rate": {"executed_lines": [], "summary": {"covered_lines": 0, "num_statements": 3, "percent_covered": 0.0, "percent_covered_display": "0", "missing_lines": 3, "excluded_lines": 0, "percent_statements_covered": 0.0, "percent_statements_covered_display": "0"}, "missing_lines": [88, 89, 90], "excluded_lines": [], "start_line": 86}, "CacheStats.l1_hit_rate": {"executed_lines": [], "summary": {"covered_lines": 0, "num_statements": 3, "percent_covered": 0.0, "percent_covered_display": "0", "missing_lines": 3, "excluded_lines": 0, "percent_statements_covered": 0.0, "percent_statements_covered_display": "0"}, "missing_lines": [95, 96, 97], "excluded_lines": [], "start_line": 93}, "CacheStats.l2_hit_rate": {"executed_lines": [], "summary": {"covered_lines": 0, "num_statements": 3, "percent_covered": 0.0, "percent_covered_display": "0", "missing_lines": 3, "excluded_lines": 0, "percent_statements_covered": 0.0, "percent_statements_covered_display": "0"}, "missing_lines": [102, 103, 104], "excluded_lines": [], "start_line": 100}, "CacheManager.__init__": {"executed_lines": [], "summary": {"covered_lines": 0, "num_statements": 16, "percent_covered": 0.0, "percent_covered_display": "0", "missing_lines": 16, "excluded_lines": 0, "percent_statements_covered": 0.0, "percent_statements_covered_display": "0"}, "missing_lines": [134, 137, 143, 144, 145, 146, 147, 149, 153, 154, 155, 158, 159, 162, 163, 164], "excluded_lines": [], "start_line": 121}, "CacheManager.is_enabled": {"executed_lines": [], "summary": {"covered_lines": 0, "num_statements": 1, "percent_covered": 0.0, "percent_covered_display": "0", "missing_lines": 1, "excluded_lines": 0, "percent_statements_covered": 0.0, "percent_statements_covered_display": "0"}, "missing_lines": [168], "excluded_lines": [], "start_line": 166}, "CacheManager._make_key": {"executed_lines": [], "summary": {"covered_lines": 0, "num_statements": 7, "percent_covered": 0.0, "percent_covered_display": "0", "missing_lines": 7, "excluded_lines": 0, "percent_statements_covered": 0.0, "percent_statements_covered_display": "0"}, "missing_lines": [180, 181, 184, 187, 188, 189, 191], "excluded_lines": [], "start_line": 170}, "CacheManager._get_ttl": {"executed_lines": [], "summary": {"covered_lines": 0, "num_statements": 1, "percent_covered": 0.0, "percent_covered_display": "0", "missing_lines": 1, "excluded_lines": 0, "percent_statements_covered": 0.0, "percent_statements_covered_display": "0"}, "missing_lines": [202], "excluded_lines": [], "start_line": 193}, "CacheManager._track_hot_key": {"executed_lines": [], "summary": {"covered_lines": 0, "num_statements": 4, "percent_covered": 0.0, "percent_covered_display": "0", "missing_lines": 4, "excluded_lines": 0, "percent_statements_covered": 0.0, "percent_statements_covered_display": "0"}, "missing_lines": [210, 211, 213, 214], "excluded_lines": [], "start_line": 204}, "CacheManager._update_stats": {"executed_lines": [], "summary": {"covered_lines": 0, "num_statements": 20, "percent_covered": 0.0, "percent_covered_display": "0", "missing_lines": 20, "excluded_lines": 0, "percent_statements_covered": 0.0, "percent_statements_covered_display": "0"}, "missing_lines": [237, 238, 241, 242, 243, 245, 246, 247, 248, 249, 250, 251, 252, 253, 254, 255, 256, 257, 258, 259], "excluded_lines": [], "start_line": 216}, "CacheManager.get": {"executed_lines": [], "summary": {"covered_lines": 0, "num_statements": 25, "percent_covered": 0.0, "percent_covered_display": "0", "missing_lines": 25, "excluded_lines": 0, "percent_statements_covered": 0.0, "percent_statements_covered_display": "0"}, "missing_lines": [279, 280, 282, 285, 286, 287, 288, 289, 290, 291, 292, 295, 296, 297, 298, 29
[...]
"excluded_lines": [], "start_line": 30}, "CacheValidator._fail": {"executed_lines": [], "summary": {"covered_lines": 0, "num_statements": 2, "percent_covered": 0.0, "percent_covered_display": "0", "missing_lines": 2, "excluded_lines": 0, "percent_statements_covered": 0.0, "percent_statements_covered_display": "0"}, "missing_lines": [39, 40], "excluded_lines": [], "start_line": 37}, "CacheValidator._warn": {"executed_lines": [], "summary": {"covered_lines": 0, "num_statements": 2, "percent_covered": 0.0, "percent_covered_display": "0", "missing_lines": 2, "excluded_lines": 0, "percent_statements_covered": 0.0, "percent_statements_covered_display": "0"}, "missing_lines": [44, 45], "excluded_lines": [], "start_line": 42}, "CacheValidator.check_redis_connection": {"executed_lines": [], "summary": {"covered_lines": 0, "num_statements": 12, "percent_covered": 0.0, "percent_covered_display": "0", "missing_lines": 12, "excluded_lines": 0, "percent_statements_covered": 0.0, "percent_statements_covered_display": "0"}, "missing_lines": [49, 50, 52, 53, 55, 63, 64, 65, 66, 67, 68, 69], "excluded_lines": [], "start_line": 47}, "CacheValidator.check_cache_manager_basic": {"executed_lines": [], "summary": {"covered_lines": 0, "num_statements": 15, "percent_covered": 0.0, "percent_covered_display": "0", "missing_lines": 15, "excluded_lines": 0, "percent_statements_covered": 0.0, "percent_statements_covered_display": "0"}, "missing_lines": [73, 75, 78, 79, 81, 82, 83, 84, 86, 89, 90, 91, 92, 94, 96], "excluded_lines": [], "start_line": 71}, "CacheValidator.check_ttl_strategy": {"executed_lines": [], "summary": {"covered_lines": 0, "num_statements": 21, "percent_covered": 0.0, "percent_covered_display": "0", "missing_lines": 21, "excluded_lines": 0, "percent_statements_covered": 0.0, "percent_statements_covered_display": "0"}, "missing_lines": [100, 102, 104, 107, 108, 109, 110, 111, 113, 116, 117, 118, 119, 121, 124, 125, 127, 133, 134, 135, 137], "excluded_lines": [], "start_line": 98}, "CacheValidator.check_lru_strategy": {"executed_lines": [], "summary": {"covered_lines": 0, "num_statements": 20, "percent_covered": 0.0, "percent_covered_display": "0", "missing_lines": 20, "excluded_lines": 0, "percent_statements_covered": 0.0, "percent_statements_covered_display": "0"}, "missing_lines": [141, 143, 146, 149, 150, 151, 153, 154, 156, 157, 159, 164, 165, 166, 168, 171, 172, 173, 175, 177], "excluded_lines": [], "start_line": 139}, "CacheValidator.check_cache_penetration_protection": {"executed_lines": [], "summary": {"covered_lines": 0, "num_statements": 22, "percent_covered": 0.0, "percent_covered_display": "0", "missing_lines": 22, "excluded_lines": 0, "percent_statements_covered": 0.0, "percent_statements_covered_display": "0"}, "missing_lines": [181, 183, 185, 187, 188, 189, 190, 192, 194, 195, 196, 197, 198, 199, 200, 201, 203, 206, 207, 208, 210, 212], "excluded_lines": [], "start_line": 179}, "CacheValidator.check_cache_services": {"executed_lines": [], "summary": {"covered_lines": 0, "num_statements": 48, "percent_covered": 0.0, "percent_covered_display": "0", "missing_lines": 48, "excluded_lines": 0, "percent_statements_covered": 0.0, "percent_statements_covered_display": "0"}, "missing_lines": [216, 217, 224, 226, 229, 230, 231, 237, 238, 240, 241, 243, 246, 247, 248, 253, 254, 256, 257, 259, 262, 263, 264, 269, 272, 276, 277, 279, 282, 283, 284, 288, 289, 291, 292, 294, 297, 298, 299, 300, 301, 303, 305, 306, 307, 308, 310, 312], "excluded_lines": [], "start_line": 214}, "CacheValidator.check_cache_decorator": {"executed_lines": [], "summary": {"covered_lines": 0, "num_statements": 31, "percent_covered": 0.0, "percent_covered_display": "0", "missing_lines": 31, "excluded_lines": 0, "percent_statements_covered": 0.0, "percent_statements_covered_display": "0"}, "missing_lines": [316, 317, 319, 321, 322, 324, 326, 327, 333, 334, 335, 336, 337, 341, 342, 343, 344, 345, 349, 350, 352, 354, 355, 360, 365, 366, 367, 369, 370, 372, 374], "excluded_lines": [], "start_line": 314}, "CacheValidator.check_cache_decorator.expensive_function": {"executed_lines": [], "summary": {"covered_lines": 0, "num_statements": 3, "percent_covered": 0.0, "percent_covered_display": "0", "missing_lines": 3, "excluded_lines": 0, "percent_statements_covered": 0.0, "percent_statements_covered_display": "0"}, "missing_lines": [329, 330, 331], "excluded_lines": [], "start_line": 327}, "CacheValidator.check_rate_limiting": {"executed_lines": [], "summary": {"covered_lines": 0, "num_statements": 21, "percent_covered": 0.0, "percent_covered_display": "0", "missing_lines": 21, "excluded_lines": 0, "percent_statements_covered": 0.0, "percent_statements_covered_display": "0"}, "missing_lines": [378, 380, 382, 384, 385, 386, 387, 388, 390, 391, 393, 394, 397, 398, 399, 400, 402, 404, 405, 407, 412], "excluded_lines": [], "start_line": 376}, "CacheValidator.check_pattern_deletion": {"executed_lines": [], "summary": {"covered_lines": 0, "num_statements": 19, "percent_covered": 0.0, "percent_covered_display": "0", "missing_lines": 19, "excluded_lines": 0, "percent_statements_covered": 0.0, "percent_statements_covered_display": "0"}, "missing_lines": [416, 418, 420, 422, 423, 430, 431, 432, 434, 435, 436, 438, 439, 441, 444, 445, 446, 448, 450], "excluded_lines": [], "start_line": 414}, "CacheValidator.check_namespace_isolation": {"executed_lines": [], "summary": {"covered_lines": 0, "num_statements": 21, "percent_covered": 0.0, "percent_covered_display": "0", "missing_lines": 21, "excluded_lines": 0, "percent_statements_covered": 0.0, "percent_statements_covered_display": "0"}, "missing_lines": [454, 456, 458, 460, 461, 462, 464, 465, 467, 468, 470, 471, 473, 475, 476, 477, 478, 480, 481, 483, 485], "excluded_lines": [], "start_line": 452}, "CacheValidator.check_cache_statistics": {"executed_lines": [], "summary": {"covered_lines": 0, "num_statements": 21, "percent_covered": 0.0, "percent_covered_display": "0", "missing_lines": 21, "excluded_lines": 0, "percent_statements_covered": 0.0, "percent_statements_covered_display": "0"}, "missing_lines": [489, 491, 493, 495, 497, 498, 499, 502, 503, 505, 506, 507, 509, 510, 511, 512, 514, 515, 517, 519, 521], "excluded_lines": [], "start_line": 487}, "CacheValidator.run_all_tests": {"executed_lines": [], "summary": {"covered_lines": 0, "num_statements": 16, "percent_covered": 0.0, "percent_covered_display": "0", "missing_lines": 16, "excluded_lines": 0, "percent_statements_covered": 0.0, "percent_statements_covered_display": "0"}, "missing_lines": [525, 526, 527, 530, 533, 534, 535, 536, 537, 538, 539, 540, 541, 542, 545, 548], "excluded_lines": [], "start_line": 523}, "CacheValidator._print_summary": {"executed_lines": [], "summary": {"covered_lines": 0, "num_statements": 23, "percent_covered": 0.0, "percent_covered_display": "0", "missing_lines": 23, "excluded_lines": 0, "percent_statements_covered": 0.0, "percent_statements_covered_display": "0"}, "missing_lines": [552, 553, 554, 556, 557, 558, 559, 561, 562, 563, 565, 566, 567, 568, 570, 571, 572, 573, 575, 577, 578, 580, 582], "excluded_lines": [], "start_line": 550}, "main": {"executed_lines": [], "summary": {"covered_lines": 0, "num_statements": 3, "percent_covered": 0.0, "percent_covered_display": "0", "missing_lines": 3, "excluded_lines": 0, "percent_statements_covered": 0.0, "percent_statements_covered_display": "0"}, "missing_lines": [587, 588, 589], "excluded_lines": [], "start_line": 585}, "": {"executed_lines": [], "summary": {"covered_lines": 0, "num_statements": 28, "percent_covered": 0.0, "percent_covered_display": "0", "missing_lines": 28, "excluded_lines": 0, "percent_statements_covered": 0.0, "percent_statements_covered_display": "0"}, "missing_lines": [9, 10, 11, 12, 13, 16, 19, 22, 30, 37, 42, 47, 71, 98, 139, 179, 214, 314, 376, 414, 452, 487, 523, 550, 585, 592, 593, 594], "excluded_lines": [], "start_line": 1}}, "classes": {"CacheValidator": {"executed_lines": [], "summary": {"covered_lines": 0, "num_statements": 303, "percent_covered": 0.0, "percent_covered_display": "0", "missing_lines": 303, "excluded_lines": 0, "percent_statements_covered": 0.0, "percent_statements_covered_display": "0"}, "missing_lines": [23, 28, 32, 33, 34, 35, 39, 40, 44, 45, 49, 50, 52, 53, 55, 63, 64, 65, 66, 67, 68, 69, 73, 75, 78, 79, 81, 82, 83, 84, 86, 89, 90, 91, 92, 94, 96, 100, 102, 104, 107, 108, 109, 110, 111, 113, 116, 117, 118, 119, 121, 124, 125, 127, 133, 134, 135, 137, 141, 143, 146, 149, 150, 151, 153, 154, 156, 157, 159, 164, 165, 166, 168, 171, 172, 173, 175, 177, 181, 183, 185, 187, 188, 189, 190, 192, 194, 195, 196, 197, 198, 199, 200, 201, 203, 206, 207, 208, 210, 212, 216, 217, 224, 226, 229, 230, 231, 237, 238, 240, 241, 243, 246, 247, 248, 253, 254, 256, 257, 259, 262, 263, 264, 269, 272, 276, 277, 279, 282, 283, 284, 288, 289, 291, 292, 294, 297, 298, 299, 300, 301, 303, 305, 306, 307, 308, 310, 312, 316, 317, 319, 321, 322, 324, 326, 327, 329, 330, 331, 333, 334, 335, 336, 337, 341, 342, 343, 344, 345, 349, 350, 352, 354, 355, 360, 365, 366, 367, 369, 370, 372, 374, 378, 380, 382, 384, 385, 386, 387, 388, 390, 391, 393, 394, 397, 398, 399, 400, 402, 404, 405, 407, 412, 416, 418, 420, 422, 423, 430, 431, 432, 434, 435, 436, 438, 439, 441, 444, 445, 446, 448, 450, 454, 456, 458, 460, 461, 462, 464, 465, 467, 468, 470, 471, 473, 475, 476, 477, 478, 480, 481, 483, 485, 489, 491, 493, 495, 497, 498, 499, 502, 503, 505, 506, 507, 509, 510, 511, 512, 514, 515, 517, 519, 521, 525, 526, 527, 530, 533, 534, 535, 536, 537, 538, 539, 540, 541, 542, 545, 548, 552, 553, 554, 556, 557, 558, 559, 561, 562, 563, 565, 566, 567, 568, 570, 571, 572, 573, 575, 577, 578, 580, 582], "excluded_lines": [], "start_line": 19}, "": {"executed_lines": [], "summary": {"covered_lines": 0, "num_statements": 31, "percent_covered": 0.0, "percent_covered_display": "0", "missing_lines": 31, "excluded_lines": 0, "percent_statements_covered": 0.0, "percent_statements_covered_display": "0"}, "missing_lines": [9, 10, 11, 12, 13, 16, 19, 22, 30, 37, 42, 47, 71, 98, 139, 179, 214, 314, 376, 414, 452, 487, 523, 550, 585, 587, 588, 589, 592, 593, 594], "excluded_lines": [], "start_line": 1}}}, "services/web_app/backend/common/validators.py": {"executed_lines": [], "summary": {"covered_lines": 0, "num_statements": 149, "percent_covered": 0.0, "percent_covered_display": "0", "missing_lines": 149, "excluded_lines": 0, "percent_statements_covered": 0.0, "percent_statements_covered_display": "0"}, "missing_lines": [9, 10, 11, 12, 13, 15, 17, 21, 23, 25, 27, 44, 45, 46, 47, 50, 57, 60, 61, 62, 64, 65, 67, 68, 73, 87, 88, 90, 92, 93, 97, 98, 102, 103, 104, 105, 109, 110, 111, 112, 118, 123, 139, 141, 142, 146, 149, 150, 151, 152, 159, 160, 161, 162, 163, 169, 174, 190, 192, 193, 197, 198, 204, 207, 221, 222, 225, 226, 227, 230, 231, 232, 234, 241, 255, 256, 259, 260, 261, 264, 265, 266, 269, 270, 272, 273, 274, 279, 280, 285, 299, 300, 303, 304, 305, 308, 309, 310, 312, 319, 333, 334, 337, 338, 339, 342, 343, 344, 346, 353, 363, 364, 367, 377, 380, 382, 385, 387, 390, 392, 395, 397, 400, 418, 419, 422, 423, 426, 427, 428, 429, 434, 435, 436, 437, 439, 442, 453, 456, 461, 462, 463, 464, 466, 468, 471, 474, 475, 477], "excluded_lines": [], "functions": {"ValidationResult.__init__": {"executed_lines": [], "summary": {"covered_lines": 0, "num_statements": 3, "percent_covered": 0.0, "percent_covered_display": "0", "missing_lines": 3, "excluded_lines": 0, "percent_statements_covered": 0.0, "percent_statements_covered_display": "0"}, "missing_lines": [60, 61, 62], "excluded_lines": [], "start_line": 57}, "ValidationResult.__bool__": {"executed_lines": [], "summary": {"covered_lines": 0, "num_statements": 1, "percent_covered": 0.0, "percent_covered_display": "0", "missing_lines": 1, "excluded_lines": 0, "percent_statements_covered": 0.0, "percent_statements_covered_display": "0"}, "missing_lines": [65], "excluded_lines": [], "start_line": 64}, "ValidationResult.__str__": {"executed_lines": [], "summary": {"covered_lines": 0, "num_statements": 1, "percent_covered": 0.0, "percent_covered_display": "0", "missing_lines": 1, "excluded_lines": 0, "percent_statements_covered": 0.0, "percent_statements_covered_display": "0"}, "missing_lines": [68], "excluded_lines": [], "start_line": 67}, "validate_file_size": {"executed_lines": [], "summary": {"covered_lines": 0, "num_statements": 16, "percent_covered": 0.0, "percent_covered_display": "0", "missing_lines": 16, "excluded_lines": 0, "percent_statements_covered": 0.0, "percent_statements_covered_display": "0"}, "missing_lines": [87, 88, 90, 92, 93, 97, 98, 102, 103, 104, 105, 109, 110, 111, 112, 118], "excluded_lines": [], "start_line": 73}, "validate_file_type": {"executed_lines": [], "summary": {"covered_lines": 0, "num_statements": 14, "percent_covered": 0.0, "percent_covered_display": "0", "missing_lines": 14, "excluded_lines": 0, "percent_statements_covered": 0.0, "percent_statements_covered_display": "0"}, "missing_lines": [139, 141, 142, 146, 149, 150, 151, 152, 159, 160, 161, 162, 163, 169], "excluded_lines": [], "start_line": 123}, "validate_file_path": {"executed_lines": [], "summary": {"covered_lines": 0, "num_statements": 6, "percent_covered": 0.0, "percent_covered_display": "0", "missing_lines": 6, "excluded_lines": 0, "percent_statements_covered": 0.0, "percent_statements_covered_display": "0"}, "missing_lines": [190, 192, 193, 197, 198, 204], "excluded_lines": [], "start_line": 174}, "validate_audio_file": {"executed_lines": [], "summary": {"covered_lines": 0, "num_statements": 9, "percent_covered": 0.0, "percent_covered_display": "0", "missing_lines": 9, "excluded_lines": 0, "percent_statements_covered": 0.0, "percent_statements_covered_display": "0"}, "missing_lines": [221, 222, 225, 226, 227, 230, 231, 232, 234], "excluded_lines": [], "start_line": 207}, "validate_image_file": {"executed_lines": [], "summary": {"covered_lines": 0, "num_statements": 15, "percent_covered": 0.0, "percent_covered_display": "0", "missing_lines": 15, "excluded_lines": 0, "percent_statements_covered": 0.0, "percent_statements_covered_display": "0"}, "missing_lines": [255, 256, 259, 260, 261, 264, 265, 266, 269, 270, 272, 273, 274, 279, 280], "excluded_lines": [], "start_line": 241}, "validate_video_file": {"executed_lines": [], "summary": {"covered_lines": 0, "num_statements": 9, "percent_covered": 0.0, "percent_covered_display": "0", "missing_lines": 9, "excluded_lines": 0, "percent_statements_covered": 0.0, "percent_statements_covered_display": "0"}, "missing_lines": [299, 300, 303, 304, 305, 308, 309, 310, 312], "excluded_lines": [], "start_line": 285}, "validate_document_file": {"executed_lines": [], "summary": {"covered_lines": 0, "num_statements": 9, "percent_covered": 0.0, "percent_covered_display": "0", "missing_lines": 9, "excluded_lines": 0, "percent_statements_covered": 0.0, "percent_statements_covered_display": "0"}, "missing_lines": [333, 334, 337, 338, 339, 342, 343, 344, 346], "excluded_lines": [], "start_line": 319}, "get_file_mimetype": {"executed_lines": [], "summary": {"covered_lines": 0, "num_statements": 2, "percent_covered": 0.0, "percent_covered_display": "0", "missing_lines": 2, "excluded_lines": 0, "percent_statements_covered": 0.0, "percent_statements_covered_display": "0"}, "missing_lines": [363, 364], "excluded_lines": [], "start_line": 353}, "get_file_extension": {"executed_lines": [], "summary": {"covered_lines": 0, "num_statements": 1, "percent_covered": 0.0, "percent_covered_display": "0", "missing_lines": 1, "excluded_lines": 0, "percent_statements_covered": 0.0, "percent_statements_covered_display": "0"}, "missing_lines": [377], "excluded_lines": [], "start_line": 367}, "is_audio_file": {"executed_lines": [], "summary": {"covered_lines": 0, "num_statements": 1, "percent_covered": 0.0, "percent_covered_display": "0", "missing_lines": 1, "excluded_lines": 0, "percent_statements_covered": 0.0, "percent_statements_covered_display": "0"}, "missing_lines": [382], "excluded_lines": [], "start_line": 380}, "is_image_file": {"executed_lines": [], "summary": {"covered_lines": 0, "num_statements": 1, "percent_covered": 0.0, "percent_covered_display": "0", "missing_lines": 1, "excluded_lines": 0, "percent_statements_covered": 0.0, "percent_statements_covered_display": "0"}, "missing_lines": [387], "excluded_lines": [], "start_line": 385}, "is_video_file": {"executed_lines": [], "summary": {"covered_lines": 0, "num_statements": 1, "percent_covered": 0.0, "percent_covered_display": "0", "missing_lines": 1, "excluded_lines": 0, "percent_statements_covered": 0.0, "percent_statements_covered_display": "0"}, "missing_lines": [392], "excluded_lines": [], "start_line": 390}, "is_document_file": {"executed_lines": [], "summary": {"covered_lines": 0, "num_statements": 1, "percent_covered": 0.0, "percent_covered_display": "0", "missing_lines": 1, "excluded_lines": 0, "percent_statements_covered": 0.0, "percent_statements_covered_display": "0"}, "missing_lines": [397], "excluded_lines": [], "start_line": 395}, "validate_upload": {"executed_lines": [], "summary": {"covered_lines": 0, "num_statements": 13, "percent_covered": 0.0, "percent_covered_display": "0", "missing_lines": 13, "excluded_lines": 0, "percent_statements_covered": 0.0, "percent_statements_covered_display": "0"}, "missing_lines": [418, 419, 422, 423, 426, 427, 428, 429, 434, 435, 436, 437, 439], "excluded_lines": [], "start_line": 400}, "sanitize_filename": {"executed_lines": [], "summary": {"covered_lines": 0, "num_statements": 12, "percent_covered": 0.0, "percent_covered_display": "0", "missing_lines": 12, "excluded_lines": 0, "percent_statements_covered": 0.0, "percent_statements_covered_display": "0"}, "missing_lines": [453, 456, 461, 462, 463, 464, 466, 468, 471, 474, 475, 477], "excluded_lines": [], "start_line": 442}, "": {"executed_lines": [], "summary": {"covered_lines": 0, "num_statements": 34, "percent_covered": 0.0, "percent_covered_display": "0", "missing_lines": 34, "excluded_lines": 0, "percent_statements_covered": 0.0, "percent_statements_covered_display": "0"}, "missing_lines": [9, 10, 11, 12, 13, 15, 17, 21, 23, 25, 27, 44, 45, 46, 47, 50, 57, 64, 67, 73, 123, 174, 207, 241, 285, 319, 353, 367, 380, 385, 390, 395, 400, 442], "excluded_lines": [], "start_line": 1}}, "classes": {"ValidationResult": {"executed_lines": [], "summary": {"covered_lines": 0, "num_statements": 5, "percent_covered": 0.0, "percent_covered_display": "0", "missing_lines": 5, "excluded_lines": 0, "percent_statements_covered": 0.0, "percent_statements_covered_display": "0"}, "missing_lines": [60, 61, 62, 65, 68], "excluded_lines": [], "start_line": 50}, "": {"executed_lines": [], "summary": {"covered_lines": 0, "num_statements": 144, "percent_covered": 0.0, "percent_covered_display": "0", "missing_lines": 144, "excluded_lines": 0, "percent_statements_covered": 0.0, "percent_statements_covered_display": "0"}, "missing_lines": [9, 10, 11, 12, 13, 15, 17, 21, 23, 25, 27, 44, 45, 46, 47, 50, 57, 64, 67, 73, 87, 88, 90, 92, 93, 97, 98, 102, 103, 104, 105, 109, 110, 111, 112, 118, 123, 139, 141, 142, 146, 149, 150, 151, 152, 159, 160, 161, 162, 163, 169, 174, 190, 192, 193, 197, 198, 204, 207, 221, 222, 225, 226, 227, 230, 231, 232, 234, 241, 255, 256, 259, 260, 261, 264, 265, 266, 269, 270, 272, 273, 274, 279, 280, 285, 299, 300, 303, 304, 305, 308, 309, 310, 312, 319, 333, 334, 337, 338, 339, 342, 343, 344, 346, 353, 363, 364, 367, 377, 380, 382, 385, 387, 390, 392, 395, 397, 400, 418, 419, 422, 423, 426, 427, 428, 429, 434, 435, 436, 437, 439, 442, 453, 456, 461, 462, 463, 464, 466, 468, 471, 474, 475, 477], "excluded_lines": [], "start_line": 1}}}}, "totals": {"covered_lines": 343, "num_statements": 9075, "percent_covered": 3.7796143250688705, "percent_covered_display": "4", "missing_lines": 8732, "excluded_lines": 11, "percent_statements_covered": 3.7796143250688705, "percent_statements_covered_display": "4"}}